2023-11-27 16:30:45.578  INFO 12556 --- [restartedMain] com.solar4america.SpringBooter           : Starting SpringBooter on jhuang-sac with PID 12556 (C:\ideaworkspace\java-myreports-pc\target\classes started by jhuang in C:\ideaworkspace\java-myreports-pc)
2023-11-27 16:30:45.580  INFO 12556 --- [restartedMain] com.solar4america.SpringBooter           : No active profile set, falling back to default profiles: default
2023-11-27 16:30:45.683  INFO 12556 --- [restartedMain] ConfigServletWebServerApplicationContext : Refreshing org.springframework.boot.web.servlet.context.AnnotationConfigServletWebServerApplicationContext@d1bcb0f: startup date [Mon Nov 27 16:30:45 PST 2023]; root of context hierarchy
2023-11-27 16:30:48.721  INFO 12556 --- [restartedMain] o.s.b.w.embedded.tomcat.TomcatWebServer  : Tomcat initialized with port(s): 8080 (http)
2023-11-27 16:30:48.768  INFO 12556 --- [restartedMain] o.apache.catalina.core.StandardService   : Starting service [Tomcat]
2023-11-27 16:30:48.769  INFO 12556 --- [restartedMain] org.apache.catalina.core.StandardEngine  : Starting Servlet Engine: Apache Tomcat/8.5.29
2023-11-27 16:30:48.781  INFO 12556 --- [localhost-startStop-1] o.a.catalina.core.AprLifecycleListener   : The APR based Apache Tomcat Native library which allows optimal performance in production environments was not found on the java.library.path: [C:\Users\jhuang\.jdks\corretto-1.8.0_362\bin;C:\WINDOWS\Sun\Java\bin;C:\WINDOWS\system32;C:\WINDOWS;C:\WINDOWS\system32;C:\WINDOWS;C:\WINDOWS\System32\Wbem;C:\WINDOWS\System32\WindowsPowerShell\v1.0\;C:\WINDOWS\System32\OpenSSH\;C:\Program Files\Intel\WiFi\bin\;C:\Program Files\Common Files\Intel\WirelessCommon\;C:\Program Files\Bandizip\;C:\Program Files\dotnet\;C:\Program Files\Microsoft SQL Server\120\Tools\Binn\;C:\Program Files\Microsoft SQL Server\Client SDK\ODBC\110\Tools\Binn\;C:\Program Files (x86)\Microsoft SQL Server\120\Tools\Binn\;C:\Program Files\Microsoft SQL Server\120\DTS\Binn\;C:\Program Files\nodejs\;C:\Program Files\Git\cmd;C:\Program Files\MySQL\MySQL Shell 8.0\bin\;C:\Users\jhuang\AppData\Local\Microsoft\WindowsApps;C:\Users\jhuang\AppData\Roaming\npm;.]
2023-11-27 16:30:49.037  INFO 12556 --- [localhost-startStop-1] o.a.c.c.C.[Tomcat].[localhost].[/]       : Initializing Spring embedded WebApplicationContext
2023-11-27 16:30:49.038  INFO 12556 --- [localhost-startStop-1] o.s.web.context.ContextLoader            : Root WebApplicationContext: initialization completed in 3355 ms
2023-11-27 16:30:49.277  INFO 12556 --- [localhost-startStop-1] o.s.b.w.servlet.ServletRegistrationBean  : Servlet dispatcherServlet mapped to [/]
2023-11-27 16:30:49.283  INFO 12556 --- [localhost-startStop-1] o.s.b.w.servlet.FilterRegistrationBean   : Mapping filter: 'characterEncodingFilter' to: [/*]
2023-11-27 16:30:49.283  INFO 12556 --- [localhost-startStop-1] o.s.b.w.servlet.FilterRegistrationBean   : Mapping filter: 'hiddenHttpMethodFilter' to: [/*]
2023-11-27 16:30:49.283  INFO 12556 --- [localhost-startStop-1] o.s.b.w.servlet.FilterRegistrationBean   : Mapping filter: 'httpPutFormContentFilter' to: [/*]
2023-11-27 16:30:49.284  INFO 12556 --- [localhost-startStop-1] o.s.b.w.servlet.FilterRegistrationBean   : Mapping filter: 'requestContextFilter' to: [/*]
2023-11-27 16:30:50.962  INFO 12556 --- [restartedMain] o.e.milo.opcua.sdk.client.OpcUaClient    : Java version: 1.8.0_362
2023-11-27 16:30:50.964  INFO 12556 --- [restartedMain] o.e.milo.opcua.sdk.client.OpcUaClient    : Eclipse Milo OPC UA Stack version: 0.6.10
2023-11-27 16:30:50.966  INFO 12556 --- [restartedMain] o.e.milo.opcua.sdk.client.OpcUaClient    : Eclipse Milo OPC UA Client SDK version: 0.6.10
2023-11-27 16:30:54.062  INFO 12556 --- [milo-nonce-util-secure-random] o.e.m.opcua.stack.core.util.NonceUtil    : SecureRandom seeded in 0ms.
2023-11-27 16:30:56.327  INFO 12556 --- [restartedMain] o.s.w.s.handler.SimpleUrlHandlerMapping  : Mapped URL path [/**/favicon.ico] onto handler of type [class org.springframework.web.servlet.resource.ResourceHttpRequestHandler]
2023-11-27 16:30:56.886  INFO 12556 --- [restartedMain] s.w.s.m.m.a.RequestMappingHandlerAdapter : Looking for @ControllerAdvice: org.springframework.boot.web.servlet.context.AnnotationConfigServletWebServerApplicationContext@d1bcb0f: startup date [Mon Nov 27 16:30:45 PST 2023]; root of context hierarchy
2023-11-27 16:30:57.026  INFO 12556 --- [restartedMain] s.w.s.m.m.a.RequestMappingHandlerMapping : Mapped "{[/Defect/getDefect],methods=[POST]}" onto public com.solar4america.DO.response.ResultDO<com.solar4america.entity.DefectDBO> com.solar4america.controller.DefectController.getDefect(com.solar4america.entity.DefectDBO)
2023-11-27 16:30:57.030  INFO 12556 --- [restartedMain] s.w.s.m.m.a.RequestMappingHandlerMapping : Mapped "{[/Defect/ListOpenDefect],methods=[POST]}" onto public com.solar4america.DO.response.ResultDO<java.util.List<com.solar4america.entity.DefectDBO>> com.solar4america.controller.DefectController.ListOpenDefect(com.solar4america.entity.DefectDBO)
2023-11-27 16:30:57.031  INFO 12556 --- [restartedMain] s.w.s.m.m.a.RequestMappingHandlerMapping : Mapped "{[/Defect/saveAndUpdate],methods=[POST]}" onto public com.solar4america.DO.response.ResultDO<com.solar4america.entity.DefectDBO> com.solar4america.controller.DefectController.saveAndUpdate(com.solar4america.entity.DefectDBO)
2023-11-27 16:30:57.032  INFO 12556 --- [restartedMain] s.w.s.m.m.a.RequestMappingHandlerMapping : Mapped "{[/report/getRecord],methods=[POST]}" onto public com.solar4america.DO.response.ResultDO<com.solar4america.entity.RecordsDBO> com.solar4america.controller.ReportController.getRecord(com.solar4america.entity.RecordsDBO)
2023-11-27 16:30:57.033  INFO 12556 --- [restartedMain] s.w.s.m.m.a.RequestMappingHandlerMapping : Mapped "{[/report/listRecord],methods=[POST]}" onto public com.solar4america.DO.response.ResultDO<java.util.List<com.solar4america.entity.RecordsDBO>> com.solar4america.controller.ReportController.listRecord(com.solar4america.entity.RecordsDBO)
2023-11-27 16:30:57.034  INFO 12556 --- [restartedMain] s.w.s.m.m.a.RequestMappingHandlerMapping : Mapped "{[/report/saveAndUpdate],methods=[POST]}" onto public com.solar4america.DO.response.ResultDO<com.solar4america.entity.RecordsDBO> com.solar4america.controller.ReportController.saveAndUpdate(com.solar4america.entity.RecordsDBO)
2023-11-27 16:30:57.036  INFO 12556 --- [restartedMain] s.w.s.m.m.a.RequestMappingHandlerMapping : Mapped "{[/shiftRecord/getShiftRecord],methods=[POST]}" onto public com.solar4america.DO.response.ResultDO<com.solar4america.entity.ShiftRecordDBO> com.solar4america.controller.ShiftRecordController.getShiftRecord(com.solar4america.entity.ShiftRecordDBO)
2023-11-27 16:30:57.036  INFO 12556 --- [restartedMain] s.w.s.m.m.a.RequestMappingHandlerMapping : Mapped "{[/shiftRecord/listShiftRecord],methods=[POST]}" onto public com.solar4america.DO.response.ResultDO<java.util.List<com.solar4america.entity.ShiftRecordDBO>> com.solar4america.controller.ShiftRecordController.listShiftRecord(com.solar4america.entity.ShiftRecordDBO)
2023-11-27 16:30:57.037  INFO 12556 --- [restartedMain] s.w.s.m.m.a.RequestMappingHandlerMapping : Mapped "{[/shiftRecord/saveAndUpdate],methods=[POST]}" onto public com.solar4america.DO.response.ResultDO<com.solar4america.entity.ShiftRecordDBO> com.solar4america.controller.ShiftRecordController.saveAndUpdate(com.solar4america.entity.ShiftRecordDBO)
2023-11-27 16:30:57.040  INFO 12556 --- [restartedMain] s.w.s.m.m.a.RequestMappingHandlerMapping : Mapped "{[/stringer/EL],methods=[POST]}" onto public com.solar4america.DO.StringerVO com.solar4america.controller.StringerController.stringerEL(com.solar4america.DO.ELQO)
2023-11-27 16:30:57.040  INFO 12556 --- [restartedMain] s.w.s.m.m.a.RequestMappingHandlerMapping : Mapped "{[/stringer/getLine2Data],methods=[POST]}" onto public java.lang.String com.solar4america.controller.StringerController.getLine2Data()
2023-11-27 16:30:57.041  INFO 12556 --- [restartedMain] s.w.s.m.m.a.RequestMappingHandlerMapping : Mapped "{[/stringer/test],methods=[POST]}" onto public java.lang.String com.solar4america.controller.StringerController.listMachine()
2023-11-27 16:30:57.042  INFO 12556 --- [restartedMain] s.w.s.m.m.a.RequestMappingHandlerMapping : Mapped "{[/stringer/getString],methods=[POST]}" onto public com.solar4america.stringerClient.Line2 com.solar4america.controller.StringerController.getString01() throws java.lang.Exception
2023-11-27 16:30:57.043  INFO 12556 --- [restartedMain] s.w.s.m.m.a.RequestMappingHandlerMapping : Mapped "{[/wip/getWip],methods=[POST]}" onto public com.solar4america.DO.response.ResultDO<java.lang.Object> com.solar4america.controller.WIPMaterialController.getWip()
2023-11-27 16:30:57.048  INFO 12556 --- [restartedMain] s.w.s.m.m.a.RequestMappingHandlerMapping : Mapped "{[/error],produces=[text/html]}" onto public org.springframework.web.servlet.ModelAndView org.springframework.boot.autoconfigure.web.servlet.error.BasicErrorController.errorHtml(javax.servlet.http.HttpServletRequest,javax.servlet.http.HttpServletResponse)
2023-11-27 16:30:57.048  INFO 12556 --- [restartedMain] s.w.s.m.m.a.RequestMappingHandlerMapping : Mapped "{[/error]}" onto public org.springframework.http.ResponseEntity<java.util.Map<java.lang.String, java.lang.Object>> org.springframework.boot.autoconfigure.web.servlet.error.BasicErrorController.error(javax.servlet.http.HttpServletRequest)
2023-11-27 16:30:57.119  INFO 12556 --- [restartedMain] o.s.w.s.handler.SimpleUrlHandlerMapping  : Mapped URL path [/webjars/**] onto handler of type [class org.springframework.web.servlet.resource.ResourceHttpRequestHandler]
2023-11-27 16:30:57.120  INFO 12556 --- [restartedMain] o.s.w.s.handler.SimpleUrlHandlerMapping  : Mapped URL path [/**] onto handler of type [class org.springframework.web.servlet.resource.ResourceHttpRequestHandler]
2023-11-27 16:30:57.159  INFO 12556 --- [restartedMain] .m.m.a.ExceptionHandlerExceptionResolver : Detected @ExceptionHandler methods in globalExceptionHandler
2023-11-27 16:30:58.226  INFO 12556 --- [restartedMain] o.s.b.d.a.OptionalLiveReloadServer       : LiveReload server is running on port 35729
2023-11-27 16:30:58.291  INFO 12556 --- [restartedMain] o.s.j.e.a.AnnotationMBeanExporter        : Registering beans for JMX exposure on startup
2023-11-27 16:30:58.293  INFO 12556 --- [restartedMain] o.s.j.e.a.AnnotationMBeanExporter        : Bean with name 'dataSource' has been autodetected for JMX exposure
2023-11-27 16:30:58.306  INFO 12556 --- [restartedMain] o.s.j.e.a.AnnotationMBeanExporter        : Located MBean 'dataSource': registering with JMX server as MBean [com.zaxxer.hikari:name=dataSource,type=HikariDataSource]
2023-11-27 16:30:58.330  INFO 12556 --- [restartedMain] s.a.ScheduledAnnotationBeanPostProcessor : No TaskScheduler/ScheduledExecutorService bean found for scheduled processing
2023-11-27 16:30:58.396  INFO 12556 --- [restartedMain] o.s.b.w.embedded.tomcat.TomcatWebServer  : Tomcat started on port(s): 8080 (http) with context path ''
2023-11-27 16:30:58.404  INFO 12556 --- [restartedMain] com.solar4america.SpringBooter           : Started SpringBooter in 13.605 seconds (JVM running for 16.897)
2023-11-27 16:30:58.747  INFO 12556 --- [http-nio-8080-exec-1] o.a.c.c.C.[Tomcat].[localhost].[/]       : Initializing Spring FrameworkServlet 'dispatcherServlet'
2023-11-27 16:30:58.748  INFO 12556 --- [http-nio-8080-exec-1] o.s.web.servlet.DispatcherServlet        : FrameworkServlet 'dispatcherServlet': initialization started
2023-11-27 16:30:58.819  INFO 12556 --- [http-nio-8080-exec-1] o.s.web.servlet.DispatcherServlet        : FrameworkServlet 'dispatcherServlet': initialization completed in 71 ms
2023-11-27 16:39:20.356  INFO 12556 --- [Thread-34] ConfigServletWebServerApplicationContext : Closing org.springframework.boot.web.servlet.context.AnnotationConfigServletWebServerApplicationContext@d1bcb0f: startup date [Mon Nov 27 16:30:45 PST 2023]; root of context hierarchy
2023-11-27 16:39:20.361  INFO 12556 --- [Thread-34] o.s.j.e.a.AnnotationMBeanExporter        : Unregistering JMX-exposed beans on shutdown
2023-11-27 16:39:20.362  INFO 12556 --- [Thread-34] o.s.j.e.a.AnnotationMBeanExporter        : Unregistering JMX-exposed beans
2023-11-27 16:58:24.427  INFO 8612 --- [restartedMain] com.solar4america.SpringBooter           : Starting SpringBooter on jhuang-sac with PID 8612 (C:\ideaworkspace\java-myreports-pc\target\classes started by jhuang in C:\ideaworkspace\java-myreports-pc)
2023-11-27 16:58:24.429  INFO 8612 --- [restartedMain] com.solar4america.SpringBooter           : No active profile set, falling back to default profiles: default
2023-11-27 16:58:24.550  INFO 8612 --- [restartedMain] ConfigServletWebServerApplicationContext : Refreshing org.springframework.boot.web.servlet.context.AnnotationConfigServletWebServerApplicationContext@466c008d: startup date [Mon Nov 27 16:58:24 PST 2023]; root of context hierarchy
2023-11-27 16:58:28.008  INFO 8612 --- [restartedMain] o.s.b.w.embedded.tomcat.TomcatWebServer  : Tomcat initialized with port(s): 8080 (http)
2023-11-27 16:58:28.040  INFO 8612 --- [restartedMain] o.apache.catalina.core.StandardService   : Starting service [Tomcat]
2023-11-27 16:58:28.040  INFO 8612 --- [restartedMain] org.apache.catalina.core.StandardEngine  : Starting Servlet Engine: Apache Tomcat/8.5.29
2023-11-27 16:58:28.046  INFO 8612 --- [localhost-startStop-1] o.a.catalina.core.AprLifecycleListener   : The APR based Apache Tomcat Native library which allows optimal performance in production environments was not found on the java.library.path: [C:\Users\jhuang\.jdks\corretto-1.8.0_362\bin;C:\WINDOWS\Sun\Java\bin;C:\WINDOWS\system32;C:\WINDOWS;C:\WINDOWS\system32;C:\WINDOWS;C:\WINDOWS\System32\Wbem;C:\WINDOWS\System32\WindowsPowerShell\v1.0\;C:\WINDOWS\System32\OpenSSH\;C:\Program Files\Intel\WiFi\bin\;C:\Program Files\Common Files\Intel\WirelessCommon\;C:\Program Files\Bandizip\;C:\Program Files\dotnet\;C:\Program Files\Microsoft SQL Server\120\Tools\Binn\;C:\Program Files\Microsoft SQL Server\Client SDK\ODBC\110\Tools\Binn\;C:\Program Files (x86)\Microsoft SQL Server\120\Tools\Binn\;C:\Program Files\Microsoft SQL Server\120\DTS\Binn\;C:\Program Files\nodejs\;C:\Program Files\Git\cmd;C:\Program Files\MySQL\MySQL Shell 8.0\bin\;C:\Users\jhuang\AppData\Local\Microsoft\WindowsApps;C:\Users\jhuang\AppData\Roaming\npm;.]
2023-11-27 16:58:28.218  INFO 8612 --- [localhost-startStop-1] o.a.c.c.C.[Tomcat].[localhost].[/]       : Initializing Spring embedded WebApplicationContext
2023-11-27 16:58:28.218  INFO 8612 --- [localhost-startStop-1] o.s.web.context.ContextLoader            : Root WebApplicationContext: initialization completed in 3668 ms
2023-11-27 16:58:28.468  INFO 8612 --- [localhost-startStop-1] o.s.b.w.servlet.ServletRegistrationBean  : Servlet dispatcherServlet mapped to [/]
2023-11-27 16:58:28.475  INFO 8612 --- [localhost-startStop-1] o.s.b.w.servlet.FilterRegistrationBean   : Mapping filter: 'characterEncodingFilter' to: [/*]
2023-11-27 16:58:28.475  INFO 8612 --- [localhost-startStop-1] o.s.b.w.servlet.FilterRegistrationBean   : Mapping filter: 'hiddenHttpMethodFilter' to: [/*]
2023-11-27 16:58:28.476  INFO 8612 --- [localhost-startStop-1] o.s.b.w.servlet.FilterRegistrationBean   : Mapping filter: 'httpPutFormContentFilter' to: [/*]
2023-11-27 16:58:28.476  INFO 8612 --- [localhost-startStop-1] o.s.b.w.servlet.FilterRegistrationBean   : Mapping filter: 'requestContextFilter' to: [/*]
2023-11-27 16:58:30.023  INFO 8612 --- [restartedMain] o.e.milo.opcua.sdk.client.OpcUaClient    : Java version: 1.8.0_362
2023-11-27 16:58:30.024  INFO 8612 --- [restartedMain] o.e.milo.opcua.sdk.client.OpcUaClient    : Eclipse Milo OPC UA Stack version: 0.6.10
2023-11-27 16:58:30.027  INFO 8612 --- [restartedMain] o.e.milo.opcua.sdk.client.OpcUaClient    : Eclipse Milo OPC UA Client SDK version: 0.6.10
2023-11-27 16:58:33.337  INFO 8612 --- [milo-nonce-util-secure-random] o.e.m.opcua.stack.core.util.NonceUtil    : SecureRandom seeded in 0ms.
2023-11-27 16:58:34.059  INFO 8612 --- [restartedMain] o.s.w.s.handler.SimpleUrlHandlerMapping  : Mapped URL path [/**/favicon.ico] onto handler of type [class org.springframework.web.servlet.resource.ResourceHttpRequestHandler]
2023-11-27 16:58:34.407  INFO 8612 --- [restartedMain] s.w.s.m.m.a.RequestMappingHandlerAdapter : Looking for @ControllerAdvice: org.springframework.boot.web.servlet.context.AnnotationConfigServletWebServerApplicationContext@466c008d: startup date [Mon Nov 27 16:58:24 PST 2023]; root of context hierarchy
2023-11-27 16:58:34.506  INFO 8612 --- [restartedMain] s.w.s.m.m.a.RequestMappingHandlerMapping : Mapped "{[/Defect/saveAndUpdate],methods=[POST]}" onto public com.solar4america.DO.response.ResultDO<com.solar4america.entity.DefectDBO> com.solar4america.controller.DefectController.saveAndUpdate(com.solar4america.entity.DefectDBO)
2023-11-27 16:58:34.507  INFO 8612 --- [restartedMain] s.w.s.m.m.a.RequestMappingHandlerMapping : Mapped "{[/Defect/getDefect],methods=[POST]}" onto public com.solar4america.DO.response.ResultDO<com.solar4america.entity.DefectDBO> com.solar4america.controller.DefectController.getDefect(com.solar4america.entity.DefectDBO)
2023-11-27 16:58:34.508  INFO 8612 --- [restartedMain] s.w.s.m.m.a.RequestMappingHandlerMapping : Mapped "{[/Defect/ListOpenDefect],methods=[POST]}" onto public com.solar4america.DO.response.ResultDO<java.util.List<com.solar4america.entity.DefectDBO>> com.solar4america.controller.DefectController.ListOpenDefect(com.solar4america.entity.DefectDBO)
2023-11-27 16:58:34.510  INFO 8612 --- [restartedMain] s.w.s.m.m.a.RequestMappingHandlerMapping : Mapped "{[/report/getRecord],methods=[POST]}" onto public com.solar4america.DO.response.ResultDO<com.solar4america.entity.RecordsDBO> com.solar4america.controller.ReportController.getRecord(com.solar4america.entity.RecordsDBO)
2023-11-27 16:58:34.511  INFO 8612 --- [restartedMain] s.w.s.m.m.a.RequestMappingHandlerMapping : Mapped "{[/report/saveAndUpdate],methods=[POST]}" onto public com.solar4america.DO.response.ResultDO<com.solar4america.entity.RecordsDBO> com.solar4america.controller.ReportController.saveAndUpdate(com.solar4america.entity.RecordsDBO)
2023-11-27 16:58:34.511  INFO 8612 --- [restartedMain] s.w.s.m.m.a.RequestMappingHandlerMapping : Mapped "{[/report/listRecord],methods=[POST]}" onto public com.solar4america.DO.response.ResultDO<java.util.List<com.solar4america.entity.RecordsDBO>> com.solar4america.controller.ReportController.listRecord(com.solar4america.entity.RecordsDBO)
2023-11-27 16:58:34.513  INFO 8612 --- [restartedMain] s.w.s.m.m.a.RequestMappingHandlerMapping : Mapped "{[/shiftRecord/saveAndUpdate],methods=[POST]}" onto public com.solar4america.DO.response.ResultDO<com.solar4america.entity.ShiftRecordDBO> com.solar4america.controller.ShiftRecordController.saveAndUpdate(com.solar4america.entity.ShiftRecordDBO)
2023-11-27 16:58:34.514  INFO 8612 --- [restartedMain] s.w.s.m.m.a.RequestMappingHandlerMapping : Mapped "{[/shiftRecord/getShiftRecord],methods=[POST]}" onto public com.solar4america.DO.response.ResultDO<com.solar4america.entity.ShiftRecordDBO> com.solar4america.controller.ShiftRecordController.getShiftRecord(com.solar4america.entity.ShiftRecordDBO)
2023-11-27 16:58:34.515  INFO 8612 --- [restartedMain] s.w.s.m.m.a.RequestMappingHandlerMapping : Mapped "{[/shiftRecord/listShiftRecord],methods=[POST]}" onto public com.solar4america.DO.response.ResultDO<java.util.List<com.solar4america.entity.ShiftRecordDBO>> com.solar4america.controller.ShiftRecordController.listShiftRecord(com.solar4america.entity.ShiftRecordDBO)
2023-11-27 16:58:34.517  INFO 8612 --- [restartedMain] s.w.s.m.m.a.RequestMappingHandlerMapping : Mapped "{[/stringer/getString],methods=[POST]}" onto public com.solar4america.stringerClient.Line2 com.solar4america.controller.StringerController.getString01() throws java.lang.Exception
2023-11-27 16:58:34.517  INFO 8612 --- [restartedMain] s.w.s.m.m.a.RequestMappingHandlerMapping : Mapped "{[/stringer/EL],methods=[POST]}" onto public com.solar4america.DO.StringerVO com.solar4america.controller.StringerController.stringerEL(com.solar4america.DO.ELQO)
2023-11-27 16:58:34.518  INFO 8612 --- [restartedMain] s.w.s.m.m.a.RequestMappingHandlerMapping : Mapped "{[/stringer/test],methods=[POST]}" onto public java.lang.String com.solar4america.controller.StringerController.listMachine()
2023-11-27 16:58:34.519  INFO 8612 --- [restartedMain] s.w.s.m.m.a.RequestMappingHandlerMapping : Mapped "{[/stringer/getLine2Data],methods=[POST]}" onto public java.lang.String com.solar4america.controller.StringerController.getLine2Data()
2023-11-27 16:58:34.520  INFO 8612 --- [restartedMain] s.w.s.m.m.a.RequestMappingHandlerMapping : Mapped "{[/wip/getWip],methods=[POST]}" onto public com.solar4america.DO.response.ResultDO<java.lang.Object> com.solar4america.controller.WIPMaterialController.getWip(com.solar4america.entity.ShiftRecordDBO)
2023-11-27 16:58:34.523  INFO 8612 --- [restartedMain] s.w.s.m.m.a.RequestMappingHandlerMapping : Mapped "{[/error],produces=[text/html]}" onto public org.springframework.web.servlet.ModelAndView org.springframework.boot.autoconfigure.web.servlet.error.BasicErrorController.errorHtml(javax.servlet.http.HttpServletRequest,javax.servlet.http.HttpServletResponse)
2023-11-27 16:58:34.524  INFO 8612 --- [restartedMain] s.w.s.m.m.a.RequestMappingHandlerMapping : Mapped "{[/error]}" onto public org.springframework.http.ResponseEntity<java.util.Map<java.lang.String, java.lang.Object>> org.springframework.boot.autoconfigure.web.servlet.error.BasicErrorController.error(javax.servlet.http.HttpServletRequest)
2023-11-27 16:58:34.588  INFO 8612 --- [restartedMain] o.s.w.s.handler.SimpleUrlHandlerMapping  : Mapped URL path [/webjars/**] onto handler of type [class org.springframework.web.servlet.resource.ResourceHttpRequestHandler]
2023-11-27 16:58:34.589  INFO 8612 --- [restartedMain] o.s.w.s.handler.SimpleUrlHandlerMapping  : Mapped URL path [/**] onto handler of type [class org.springframework.web.servlet.resource.ResourceHttpRequestHandler]
2023-11-27 16:58:34.620  INFO 8612 --- [restartedMain] .m.m.a.ExceptionHandlerExceptionResolver : Detected @ExceptionHandler methods in globalExceptionHandler
2023-11-27 16:58:35.194  INFO 8612 --- [restartedMain] o.s.b.d.a.OptionalLiveReloadServer       : LiveReload server is running on port 35729
2023-11-27 16:58:35.240  INFO 8612 --- [restartedMain] o.s.j.e.a.AnnotationMBeanExporter        : Registering beans for JMX exposure on startup
2023-11-27 16:58:35.242  INFO 8612 --- [restartedMain] o.s.j.e.a.AnnotationMBeanExporter        : Bean with name 'dataSource' has been autodetected for JMX exposure
2023-11-27 16:58:35.251  INFO 8612 --- [restartedMain] o.s.j.e.a.AnnotationMBeanExporter        : Located MBean 'dataSource': registering with JMX server as MBean [com.zaxxer.hikari:name=dataSource,type=HikariDataSource]
2023-11-27 16:58:35.267  INFO 8612 --- [restartedMain] s.a.ScheduledAnnotationBeanPostProcessor : No TaskScheduler/ScheduledExecutorService bean found for scheduled processing
2023-11-27 16:58:35.306  INFO 8612 --- [restartedMain] o.s.b.w.embedded.tomcat.TomcatWebServer  : Tomcat started on port(s): 8080 (http) with context path ''
2023-11-27 16:58:35.314  INFO 8612 --- [restartedMain] com.solar4america.SpringBooter           : Started SpringBooter in 11.86 seconds (JVM running for 14.662)
2023-11-27 16:58:39.700  INFO 8612 --- [http-nio-8080-exec-2] o.a.c.c.C.[Tomcat].[localhost].[/]       : Initializing Spring FrameworkServlet 'dispatcherServlet'
2023-11-27 16:58:39.701  INFO 8612 --- [http-nio-8080-exec-2] o.s.web.servlet.DispatcherServlet        : FrameworkServlet 'dispatcherServlet': initialization started
2023-11-27 16:58:39.746  INFO 8612 --- [http-nio-8080-exec-2] o.s.web.servlet.DispatcherServlet        : FrameworkServlet 'dispatcherServlet': initialization completed in 45 ms
2023-11-27 16:59:01.854 ERROR 8612 --- [http-nio-8080-exec-4] c.s.exception.GlobalExceptionHandler     : ---DefaultException Handler---Host 10.10.140.90 invokes url http://10.10.140.90:8080/wip/getWip ERROR: null
2023-11-27 16:59:01.857  WARN 8612 --- [http-nio-8080-exec-4] .m.m.a.ExceptionHandlerExceptionResolver : Resolved exception caused by Handler execution: java.lang.NullPointerException
2023-11-27 16:59:27.035 ERROR 8612 --- [http-nio-8080-exec-5] c.s.exception.GlobalExceptionHandler     : ---DefaultException Handler---Host 10.10.140.90 invokes url http://10.10.140.90:8080/wip/getWip ERROR: null
2023-11-27 16:59:27.037  WARN 8612 --- [http-nio-8080-exec-5] .m.m.a.ExceptionHandlerExceptionResolver : Resolved exception caused by Handler execution: java.lang.NullPointerException
2023-11-27 17:03:27.875 ERROR 8612 --- [http-nio-8080-exec-1] c.s.exception.GlobalExceptionHandler     : ---service Exception Handler---Host 10.10.140.90 invokes url http://10.10.140.90:8080/wip/getWip CODE:0  MESSAGE: 222
2023-11-27 17:03:27.876  WARN 8612 --- [http-nio-8080-exec-1] .m.m.a.ExceptionHandlerExceptionResolver : Resolved exception caused by Handler execution: BaseServiceException(code=0, message=222)
2023-11-27 17:08:17.377  INFO 8612 --- [Thread-31] ConfigServletWebServerApplicationContext : Closing org.springframework.boot.web.servlet.context.AnnotationConfigServletWebServerApplicationContext@466c008d: startup date [Mon Nov 27 16:58:24 PST 2023]; root of context hierarchy
2023-11-27 17:08:17.381  INFO 8612 --- [Thread-31] o.s.j.e.a.AnnotationMBeanExporter        : Unregistering JMX-exposed beans on shutdown
2023-11-27 17:08:17.382  INFO 8612 --- [Thread-31] o.s.j.e.a.AnnotationMBeanExporter        : Unregistering JMX-exposed beans
2023-11-27 17:08:25.372  INFO 24164 --- [restartedMain] com.solar4america.SpringBooter           : Starting SpringBooter on jhuang-sac with PID 24164 (C:\ideaworkspace\java-myreports-pc\target\classes started by jhuang in C:\ideaworkspace\java-myreports-pc)
2023-11-27 17:08:25.374  INFO 24164 --- [restartedMain] com.solar4america.SpringBooter           : No active profile set, falling back to default profiles: default
2023-11-27 17:08:25.482  INFO 24164 --- [restartedMain] ConfigServletWebServerApplicationContext : Refreshing org.springframework.boot.web.servlet.context.AnnotationConfigServletWebServerApplicationContext@bb9eb5a: startup date [Mon Nov 27 17:08:25 PST 2023]; root of context hierarchy
2023-11-27 17:08:28.393  INFO 24164 --- [restartedMain] o.s.b.w.embedded.tomcat.TomcatWebServer  : Tomcat initialized with port(s): 8080 (http)
2023-11-27 17:08:28.428  INFO 24164 --- [restartedMain] o.apache.catalina.core.StandardService   : Starting service [Tomcat]
2023-11-27 17:08:28.428  INFO 24164 --- [restartedMain] org.apache.catalina.core.StandardEngine  : Starting Servlet Engine: Apache Tomcat/8.5.29
2023-11-27 17:08:28.435  INFO 24164 --- [localhost-startStop-1] o.a.catalina.core.AprLifecycleListener   : The APR based Apache Tomcat Native library which allows optimal performance in production environments was not found on the java.library.path: [C:\Users\jhuang\.jdks\corretto-1.8.0_362\bin;C:\WINDOWS\Sun\Java\bin;C:\WINDOWS\system32;C:\WINDOWS;C:\WINDOWS\system32;C:\WINDOWS;C:\WINDOWS\System32\Wbem;C:\WINDOWS\System32\WindowsPowerShell\v1.0\;C:\WINDOWS\System32\OpenSSH\;C:\Program Files\Intel\WiFi\bin\;C:\Program Files\Common Files\Intel\WirelessCommon\;C:\Program Files\Bandizip\;C:\Program Files\dotnet\;C:\Program Files\Microsoft SQL Server\120\Tools\Binn\;C:\Program Files\Microsoft SQL Server\Client SDK\ODBC\110\Tools\Binn\;C:\Program Files (x86)\Microsoft SQL Server\120\Tools\Binn\;C:\Program Files\Microsoft SQL Server\120\DTS\Binn\;C:\Program Files\nodejs\;C:\Program Files\Git\cmd;C:\Program Files\MySQL\MySQL Shell 8.0\bin\;C:\Users\jhuang\AppData\Local\Microsoft\WindowsApps;C:\Users\jhuang\AppData\Roaming\npm;.]
2023-11-27 17:08:28.634  INFO 24164 --- [localhost-startStop-1] o.a.c.c.C.[Tomcat].[localhost].[/]       : Initializing Spring embedded WebApplicationContext
2023-11-27 17:08:28.635  INFO 24164 --- [localhost-startStop-1] o.s.web.context.ContextLoader            : Root WebApplicationContext: initialization completed in 3154 ms
2023-11-27 17:08:28.872  INFO 24164 --- [localhost-startStop-1] o.s.b.w.servlet.ServletRegistrationBean  : Servlet dispatcherServlet mapped to [/]
2023-11-27 17:08:28.879  INFO 24164 --- [localhost-startStop-1] o.s.b.w.servlet.FilterRegistrationBean   : Mapping filter: 'characterEncodingFilter' to: [/*]
2023-11-27 17:08:28.880  INFO 24164 --- [localhost-startStop-1] o.s.b.w.servlet.FilterRegistrationBean   : Mapping filter: 'hiddenHttpMethodFilter' to: [/*]
2023-11-27 17:08:28.881  INFO 24164 --- [localhost-startStop-1] o.s.b.w.servlet.FilterRegistrationBean   : Mapping filter: 'httpPutFormContentFilter' to: [/*]
2023-11-27 17:08:28.881  INFO 24164 --- [localhost-startStop-1] o.s.b.w.servlet.FilterRegistrationBean   : Mapping filter: 'requestContextFilter' to: [/*]
2023-11-27 17:08:30.311  INFO 24164 --- [restartedMain] o.e.milo.opcua.sdk.client.OpcUaClient    : Java version: 1.8.0_362
2023-11-27 17:08:30.313  INFO 24164 --- [restartedMain] o.e.milo.opcua.sdk.client.OpcUaClient    : Eclipse Milo OPC UA Stack version: 0.6.10
2023-11-27 17:08:30.315  INFO 24164 --- [restartedMain] o.e.milo.opcua.sdk.client.OpcUaClient    : Eclipse Milo OPC UA Client SDK version: 0.6.10
2023-11-27 17:08:33.232  INFO 24164 --- [milo-nonce-util-secure-random] o.e.m.opcua.stack.core.util.NonceUtil    : SecureRandom seeded in 0ms.
2023-11-27 17:08:33.980  INFO 24164 --- [restartedMain] o.s.w.s.handler.SimpleUrlHandlerMapping  : Mapped URL path [/**/favicon.ico] onto handler of type [class org.springframework.web.servlet.resource.ResourceHttpRequestHandler]
2023-11-27 17:08:34.313  INFO 24164 --- [restartedMain] s.w.s.m.m.a.RequestMappingHandlerAdapter : Looking for @ControllerAdvice: org.springframework.boot.web.servlet.context.AnnotationConfigServletWebServerApplicationContext@bb9eb5a: startup date [Mon Nov 27 17:08:25 PST 2023]; root of context hierarchy
2023-11-27 17:08:34.408  INFO 24164 --- [restartedMain] s.w.s.m.m.a.RequestMappingHandlerMapping : Mapped "{[/Defect/saveAndUpdate],methods=[POST]}" onto public com.solar4america.DO.response.ResultDO<com.solar4america.entity.DefectDBO> com.solar4america.controller.DefectController.saveAndUpdate(com.solar4america.entity.DefectDBO)
2023-11-27 17:08:34.410  INFO 24164 --- [restartedMain] s.w.s.m.m.a.RequestMappingHandlerMapping : Mapped "{[/Defect/getDefect],methods=[POST]}" onto public com.solar4america.DO.response.ResultDO<com.solar4america.entity.DefectDBO> com.solar4america.controller.DefectController.getDefect(com.solar4america.entity.DefectDBO)
2023-11-27 17:08:34.411  INFO 24164 --- [restartedMain] s.w.s.m.m.a.RequestMappingHandlerMapping : Mapped "{[/Defect/ListOpenDefect],methods=[POST]}" onto public com.solar4america.DO.response.ResultDO<java.util.List<com.solar4america.entity.DefectDBO>> com.solar4america.controller.DefectController.ListOpenDefect(com.solar4america.entity.DefectDBO)
2023-11-27 17:08:34.412  INFO 24164 --- [restartedMain] s.w.s.m.m.a.RequestMappingHandlerMapping : Mapped "{[/report/saveAndUpdate],methods=[POST]}" onto public com.solar4america.DO.response.ResultDO<com.solar4america.entity.RecordsDBO> com.solar4america.controller.ReportController.saveAndUpdate(com.solar4america.entity.RecordsDBO)
2023-11-27 17:08:34.413  INFO 24164 --- [restartedMain] s.w.s.m.m.a.RequestMappingHandlerMapping : Mapped "{[/report/listRecord],methods=[POST]}" onto public com.solar4america.DO.response.ResultDO<java.util.List<com.solar4america.entity.RecordsDBO>> com.solar4america.controller.ReportController.listRecord(com.solar4america.entity.RecordsDBO)
2023-11-27 17:08:34.415  INFO 24164 --- [restartedMain] s.w.s.m.m.a.RequestMappingHandlerMapping : Mapped "{[/report/getRecord],methods=[POST]}" onto public com.solar4america.DO.response.ResultDO<com.solar4america.entity.RecordsDBO> com.solar4america.controller.ReportController.getRecord(com.solar4america.entity.RecordsDBO)
2023-11-27 17:08:34.417  INFO 24164 --- [restartedMain] s.w.s.m.m.a.RequestMappingHandlerMapping : Mapped "{[/shiftRecord/saveAndUpdate],methods=[POST]}" onto public com.solar4america.DO.response.ResultDO<com.solar4america.entity.ShiftRecordDBO> com.solar4america.controller.ShiftRecordController.saveAndUpdate(com.solar4america.entity.ShiftRecordDBO)
2023-11-27 17:08:34.418  INFO 24164 --- [restartedMain] s.w.s.m.m.a.RequestMappingHandlerMapping : Mapped "{[/shiftRecord/getShiftRecord],methods=[POST]}" onto public com.solar4america.DO.response.ResultDO<com.solar4america.entity.ShiftRecordDBO> com.solar4america.controller.ShiftRecordController.getShiftRecord(com.solar4america.entity.ShiftRecordDBO)
2023-11-27 17:08:34.418  INFO 24164 --- [restartedMain] s.w.s.m.m.a.RequestMappingHandlerMapping : Mapped "{[/shiftRecord/listShiftRecord],methods=[POST]}" onto public com.solar4america.DO.response.ResultDO<java.util.List<com.solar4america.entity.ShiftRecordDBO>> com.solar4america.controller.ShiftRecordController.listShiftRecord(com.solar4america.entity.ShiftRecordDBO)
2023-11-27 17:08:34.421  INFO 24164 --- [restartedMain] s.w.s.m.m.a.RequestMappingHandlerMapping : Mapped "{[/stringer/EL],methods=[POST]}" onto public com.solar4america.DO.StringerVO com.solar4america.controller.StringerController.stringerEL(com.solar4america.DO.ELQO)
2023-11-27 17:08:34.421  INFO 24164 --- [restartedMain] s.w.s.m.m.a.RequestMappingHandlerMapping : Mapped "{[/stringer/getString],methods=[POST]}" onto public com.solar4america.stringerClient.Line2 com.solar4america.controller.StringerController.getString01() throws java.lang.Exception
2023-11-27 17:08:34.422  INFO 24164 --- [restartedMain] s.w.s.m.m.a.RequestMappingHandlerMapping : Mapped "{[/stringer/test],methods=[POST]}" onto public java.lang.String com.solar4america.controller.StringerController.listMachine()
2023-11-27 17:08:34.422  INFO 24164 --- [restartedMain] s.w.s.m.m.a.RequestMappingHandlerMapping : Mapped "{[/stringer/getLine2Data],methods=[POST]}" onto public java.lang.String com.solar4america.controller.StringerController.getLine2Data()
2023-11-27 17:08:34.423  INFO 24164 --- [restartedMain] s.w.s.m.m.a.RequestMappingHandlerMapping : Mapped "{[/wip/getWip],methods=[POST]}" onto public com.solar4america.DO.response.ResultDO<java.lang.Object> com.solar4america.controller.WIPMaterialController.getWip(com.solar4america.entity.ShiftRecordDBO)
2023-11-27 17:08:34.426  INFO 24164 --- [restartedMain] s.w.s.m.m.a.RequestMappingHandlerMapping : Mapped "{[/error]}" onto public org.springframework.http.ResponseEntity<java.util.Map<java.lang.String, java.lang.Object>> org.springframework.boot.autoconfigure.web.servlet.error.BasicErrorController.error(javax.servlet.http.HttpServletRequest)
2023-11-27 17:08:34.427  INFO 24164 --- [restartedMain] s.w.s.m.m.a.RequestMappingHandlerMapping : Mapped "{[/error],produces=[text/html]}" onto public org.springframework.web.servlet.ModelAndView org.springframework.boot.autoconfigure.web.servlet.error.BasicErrorController.errorHtml(javax.servlet.http.HttpServletRequest,javax.servlet.http.HttpServletResponse)
2023-11-27 17:08:34.484  INFO 24164 --- [restartedMain] o.s.w.s.handler.SimpleUrlHandlerMapping  : Mapped URL path [/webjars/**] onto handler of type [class org.springframework.web.servlet.resource.ResourceHttpRequestHandler]
2023-11-27 17:08:34.484  INFO 24164 --- [restartedMain] o.s.w.s.handler.SimpleUrlHandlerMapping  : Mapped URL path [/**] onto handler of type [class org.springframework.web.servlet.resource.ResourceHttpRequestHandler]
2023-11-27 17:08:34.510  INFO 24164 --- [restartedMain] .m.m.a.ExceptionHandlerExceptionResolver : Detected @ExceptionHandler methods in globalExceptionHandler
2023-11-27 17:08:35.040  INFO 24164 --- [restartedMain] o.s.b.d.a.OptionalLiveReloadServer       : LiveReload server is running on port 35729
2023-11-27 17:08:35.083  INFO 24164 --- [restartedMain] o.s.j.e.a.AnnotationMBeanExporter        : Registering beans for JMX exposure on startup
2023-11-27 17:08:35.085  INFO 24164 --- [restartedMain] o.s.j.e.a.AnnotationMBeanExporter        : Bean with name 'dataSource' has been autodetected for JMX exposure
2023-11-27 17:08:35.093  INFO 24164 --- [restartedMain] o.s.j.e.a.AnnotationMBeanExporter        : Located MBean 'dataSource': registering with JMX server as MBean [com.zaxxer.hikari:name=dataSource,type=HikariDataSource]
2023-11-27 17:08:35.109  INFO 24164 --- [restartedMain] s.a.ScheduledAnnotationBeanPostProcessor : No TaskScheduler/ScheduledExecutorService bean found for scheduled processing
2023-11-27 17:08:35.164  INFO 24164 --- [restartedMain] o.s.b.w.embedded.tomcat.TomcatWebServer  : Tomcat started on port(s): 8080 (http) with context path ''
2023-11-27 17:08:35.171  INFO 24164 --- [restartedMain] com.solar4america.SpringBooter           : Started SpringBooter in 10.59 seconds (JVM running for 12.96)
2023-11-27 17:08:39.702  INFO 24164 --- [http-nio-8080-exec-2] o.a.c.c.C.[Tomcat].[localhost].[/]       : Initializing Spring FrameworkServlet 'dispatcherServlet'
2023-11-27 17:08:39.702  INFO 24164 --- [http-nio-8080-exec-2] o.s.web.servlet.DispatcherServlet        : FrameworkServlet 'dispatcherServlet': initialization started
2023-11-27 17:08:39.732  INFO 24164 --- [http-nio-8080-exec-2] o.s.web.servlet.DispatcherServlet        : FrameworkServlet 'dispatcherServlet': initialization completed in 30 ms
2023-11-27 17:09:21.265 ERROR 24164 --- [http-nio-8080-exec-4] c.s.exception.GlobalExceptionHandler     : ---service Exception Handler---Host 10.10.140.90 invokes url http://10.10.140.90:8080/wip/getWip CODE:0  MESSAGE: 222
2023-11-27 17:09:21.268  WARN 24164 --- [http-nio-8080-exec-4] .m.m.a.ExceptionHandlerExceptionResolver : Resolved exception caused by Handler execution: BaseServiceException(code=0, message=222)
2023-11-27 17:13:29.953  INFO 24164 --- [Thread-30] ConfigServletWebServerApplicationContext : Closing org.springframework.boot.web.servlet.context.AnnotationConfigServletWebServerApplicationContext@bb9eb5a: startup date [Mon Nov 27 17:08:25 PST 2023]; root of context hierarchy
2023-11-27 17:13:29.959  INFO 24164 --- [Thread-30] o.s.j.e.a.AnnotationMBeanExporter        : Unregistering JMX-exposed beans on shutdown
2023-11-27 17:13:29.960  INFO 24164 --- [Thread-30] o.s.j.e.a.AnnotationMBeanExporter        : Unregistering JMX-exposed beans
2023-11-27 17:13:43.247  INFO 8976 --- [restartedMain] com.solar4america.SpringBooter           : Starting SpringBooter on jhuang-sac with PID 8976 (C:\ideaworkspace\java-myreports-pc\target\classes started by jhuang in C:\ideaworkspace\java-myreports-pc)
2023-11-27 17:13:43.250  INFO 8976 --- [restartedMain] com.solar4america.SpringBooter           : No active profile set, falling back to default profiles: default
2023-11-27 17:13:43.365  INFO 8976 --- [restartedMain] ConfigServletWebServerApplicationContext : Refreshing org.springframework.boot.web.servlet.context.AnnotationConfigServletWebServerApplicationContext@5b46a574: startup date [Mon Nov 27 17:13:43 PST 2023]; root of context hierarchy
2023-11-27 17:13:47.489  INFO 8976 --- [restartedMain] o.s.b.w.embedded.tomcat.TomcatWebServer  : Tomcat initialized with port(s): 8080 (http)
2023-11-27 17:13:47.541  INFO 8976 --- [restartedMain] o.apache.catalina.core.StandardService   : Starting service [Tomcat]
2023-11-27 17:13:47.541  INFO 8976 --- [restartedMain] org.apache.catalina.core.StandardEngine  : Starting Servlet Engine: Apache Tomcat/8.5.29
2023-11-27 17:13:47.549  INFO 8976 --- [localhost-startStop-1] o.a.catalina.core.AprLifecycleListener   : The APR based Apache Tomcat Native library which allows optimal performance in production environments was not found on the java.library.path: [C:\Users\jhuang\.jdks\corretto-1.8.0_362\bin;C:\WINDOWS\Sun\Java\bin;C:\WINDOWS\system32;C:\WINDOWS;C:\WINDOWS\system32;C:\WINDOWS;C:\WINDOWS\System32\Wbem;C:\WINDOWS\System32\WindowsPowerShell\v1.0\;C:\WINDOWS\System32\OpenSSH\;C:\Program Files\Intel\WiFi\bin\;C:\Program Files\Common Files\Intel\WirelessCommon\;C:\Program Files\Bandizip\;C:\Program Files\dotnet\;C:\Program Files\Microsoft SQL Server\120\Tools\Binn\;C:\Program Files\Microsoft SQL Server\Client SDK\ODBC\110\Tools\Binn\;C:\Program Files (x86)\Microsoft SQL Server\120\Tools\Binn\;C:\Program Files\Microsoft SQL Server\120\DTS\Binn\;C:\Program Files\nodejs\;C:\Program Files\Git\cmd;C:\Program Files\MySQL\MySQL Shell 8.0\bin\;C:\Users\jhuang\AppData\Local\Microsoft\WindowsApps;C:\Users\jhuang\AppData\Roaming\npm;.]
2023-11-27 17:13:47.842  INFO 8976 --- [localhost-startStop-1] o.a.c.c.C.[Tomcat].[localhost].[/]       : Initializing Spring embedded WebApplicationContext
2023-11-27 17:13:47.843  INFO 8976 --- [localhost-startStop-1] o.s.web.context.ContextLoader            : Root WebApplicationContext: initialization completed in 4479 ms
2023-11-27 17:13:48.276  INFO 8976 --- [localhost-startStop-1] o.s.b.w.servlet.ServletRegistrationBean  : Servlet dispatcherServlet mapped to [/]
2023-11-27 17:13:48.287  INFO 8976 --- [localhost-startStop-1] o.s.b.w.servlet.FilterRegistrationBean   : Mapping filter: 'characterEncodingFilter' to: [/*]
2023-11-27 17:13:48.288  INFO 8976 --- [localhost-startStop-1] o.s.b.w.servlet.FilterRegistrationBean   : Mapping filter: 'hiddenHttpMethodFilter' to: [/*]
2023-11-27 17:13:48.288  INFO 8976 --- [localhost-startStop-1] o.s.b.w.servlet.FilterRegistrationBean   : Mapping filter: 'httpPutFormContentFilter' to: [/*]
2023-11-27 17:13:48.289  INFO 8976 --- [localhost-startStop-1] o.s.b.w.servlet.FilterRegistrationBean   : Mapping filter: 'requestContextFilter' to: [/*]
2023-11-27 17:13:50.077  INFO 8976 --- [restartedMain] o.e.milo.opcua.sdk.client.OpcUaClient    : Java version: 1.8.0_362
2023-11-27 17:13:50.079  INFO 8976 --- [restartedMain] o.e.milo.opcua.sdk.client.OpcUaClient    : Eclipse Milo OPC UA Stack version: 0.6.10
2023-11-27 17:13:50.081  INFO 8976 --- [restartedMain] o.e.milo.opcua.sdk.client.OpcUaClient    : Eclipse Milo OPC UA Client SDK version: 0.6.10
2023-11-27 17:13:53.522  INFO 8976 --- [milo-nonce-util-secure-random] o.e.m.opcua.stack.core.util.NonceUtil    : SecureRandom seeded in 0ms.
2023-11-27 17:13:54.492  INFO 8976 --- [restartedMain] o.s.w.s.handler.SimpleUrlHandlerMapping  : Mapped URL path [/**/favicon.ico] onto handler of type [class org.springframework.web.servlet.resource.ResourceHttpRequestHandler]
2023-11-27 17:13:54.874  INFO 8976 --- [restartedMain] s.w.s.m.m.a.RequestMappingHandlerAdapter : Looking for @ControllerAdvice: org.springframework.boot.web.servlet.context.AnnotationConfigServletWebServerApplicationContext@5b46a574: startup date [Mon Nov 27 17:13:43 PST 2023]; root of context hierarchy
2023-11-27 17:13:54.971  INFO 8976 --- [restartedMain] s.w.s.m.m.a.RequestMappingHandlerMapping : Mapped "{[/Defect/ListOpenDefect],methods=[POST]}" onto public com.solar4america.DO.response.ResultDO<java.util.List<com.solar4america.entity.DefectDBO>> com.solar4america.controller.DefectController.ListOpenDefect(com.solar4america.entity.DefectDBO)
2023-11-27 17:13:54.973  INFO 8976 --- [restartedMain] s.w.s.m.m.a.RequestMappingHandlerMapping : Mapped "{[/Defect/saveAndUpdate],methods=[POST]}" onto public com.solar4america.DO.response.ResultDO<com.solar4america.entity.DefectDBO> com.solar4america.controller.DefectController.saveAndUpdate(com.solar4america.entity.DefectDBO)
2023-11-27 17:13:54.974  INFO 8976 --- [restartedMain] s.w.s.m.m.a.RequestMappingHandlerMapping : Mapped "{[/Defect/getDefect],methods=[POST]}" onto public com.solar4america.DO.response.ResultDO<com.solar4america.entity.DefectDBO> com.solar4america.controller.DefectController.getDefect(com.solar4america.entity.DefectDBO)
2023-11-27 17:13:54.975  INFO 8976 --- [restartedMain] s.w.s.m.m.a.RequestMappingHandlerMapping : Mapped "{[/report/saveAndUpdate],methods=[POST]}" onto public com.solar4america.DO.response.ResultDO<com.solar4america.entity.RecordsDBO> com.solar4america.controller.ReportController.saveAndUpdate(com.solar4america.entity.RecordsDBO)
2023-11-27 17:13:54.976  INFO 8976 --- [restartedMain] s.w.s.m.m.a.RequestMappingHandlerMapping : Mapped "{[/report/listRecord],methods=[POST]}" onto public com.solar4america.DO.response.ResultDO<java.util.List<com.solar4america.entity.RecordsDBO>> com.solar4america.controller.ReportController.listRecord(com.solar4america.entity.RecordsDBO)
2023-11-27 17:13:54.977  INFO 8976 --- [restartedMain] s.w.s.m.m.a.RequestMappingHandlerMapping : Mapped "{[/report/getRecord],methods=[POST]}" onto public com.solar4america.DO.response.ResultDO<com.solar4america.entity.RecordsDBO> com.solar4america.controller.ReportController.getRecord(com.solar4america.entity.RecordsDBO)
2023-11-27 17:13:54.979  INFO 8976 --- [restartedMain] s.w.s.m.m.a.RequestMappingHandlerMapping : Mapped "{[/shiftRecord/saveAndUpdate],methods=[POST]}" onto public com.solar4america.DO.response.ResultDO<com.solar4america.entity.ShiftRecordDBO> com.solar4america.controller.ShiftRecordController.saveAndUpdate(com.solar4america.entity.ShiftRecordDBO)
2023-11-27 17:13:54.979  INFO 8976 --- [restartedMain] s.w.s.m.m.a.RequestMappingHandlerMapping : Mapped "{[/shiftRecord/getShiftRecord],methods=[POST]}" onto public com.solar4america.DO.response.ResultDO<com.solar4america.entity.ShiftRecordDBO> com.solar4america.controller.ShiftRecordController.getShiftRecord(com.solar4america.entity.ShiftRecordDBO)
2023-11-27 17:13:54.980  INFO 8976 --- [restartedMain] s.w.s.m.m.a.RequestMappingHandlerMapping : Mapped "{[/shiftRecord/listShiftRecord],methods=[POST]}" onto public com.solar4america.DO.response.ResultDO<java.util.List<com.solar4america.entity.ShiftRecordDBO>> com.solar4america.controller.ShiftRecordController.listShiftRecord(com.solar4america.entity.ShiftRecordDBO)
2023-11-27 17:13:54.982  INFO 8976 --- [restartedMain] s.w.s.m.m.a.RequestMappingHandlerMapping : Mapped "{[/stringer/EL],methods=[POST]}" onto public com.solar4america.DO.StringerVO com.solar4america.controller.StringerController.stringerEL(com.solar4america.DO.ELQO)
2023-11-27 17:13:54.982  INFO 8976 --- [restartedMain] s.w.s.m.m.a.RequestMappingHandlerMapping : Mapped "{[/stringer/getLine2Data],methods=[POST]}" onto public java.lang.String com.solar4america.controller.StringerController.getLine2Data()
2023-11-27 17:13:54.982  INFO 8976 --- [restartedMain] s.w.s.m.m.a.RequestMappingHandlerMapping : Mapped "{[/stringer/getString],methods=[POST]}" onto public com.solar4america.stringerClient.Line2 com.solar4america.controller.StringerController.getString01() throws java.lang.Exception
2023-11-27 17:13:54.983  INFO 8976 --- [restartedMain] s.w.s.m.m.a.RequestMappingHandlerMapping : Mapped "{[/stringer/test],methods=[POST]}" onto public java.lang.String com.solar4america.controller.StringerController.listMachine()
2023-11-27 17:13:54.984  INFO 8976 --- [restartedMain] s.w.s.m.m.a.RequestMappingHandlerMapping : Mapped "{[/wip/getWip],methods=[POST]}" onto public com.solar4america.DO.response.ResultDO<java.lang.Object> com.solar4america.controller.WIPMaterialController.getWip(com.solar4america.entity.ShiftRecordDBO)
2023-11-27 17:13:54.986  INFO 8976 --- [restartedMain] s.w.s.m.m.a.RequestMappingHandlerMapping : Mapped "{[/error]}" onto public org.springframework.http.ResponseEntity<java.util.Map<java.lang.String, java.lang.Object>> org.springframework.boot.autoconfigure.web.servlet.error.BasicErrorController.error(javax.servlet.http.HttpServletRequest)
2023-11-27 17:13:54.987  INFO 8976 --- [restartedMain] s.w.s.m.m.a.RequestMappingHandlerMapping : Mapped "{[/error],produces=[text/html]}" onto public org.springframework.web.servlet.ModelAndView org.springframework.boot.autoconfigure.web.servlet.error.BasicErrorController.errorHtml(javax.servlet.http.HttpServletRequest,javax.servlet.http.HttpServletResponse)
2023-11-27 17:13:55.036  INFO 8976 --- [restartedMain] o.s.w.s.handler.SimpleUrlHandlerMapping  : Mapped URL path [/webjars/**] onto handler of type [class org.springframework.web.servlet.resource.ResourceHttpRequestHandler]
2023-11-27 17:13:55.036  INFO 8976 --- [restartedMain] o.s.w.s.handler.SimpleUrlHandlerMapping  : Mapped URL path [/**] onto handler of type [class org.springframework.web.servlet.resource.ResourceHttpRequestHandler]
2023-11-27 17:13:55.070  INFO 8976 --- [restartedMain] .m.m.a.ExceptionHandlerExceptionResolver : Detected @ExceptionHandler methods in globalExceptionHandler
2023-11-27 17:13:55.655  INFO 8976 --- [restartedMain] o.s.b.d.a.OptionalLiveReloadServer       : LiveReload server is running on port 35729
2023-11-27 17:13:55.700  INFO 8976 --- [restartedMain] o.s.j.e.a.AnnotationMBeanExporter        : Registering beans for JMX exposure on startup
2023-11-27 17:13:55.702  INFO 8976 --- [restartedMain] o.s.j.e.a.AnnotationMBeanExporter        : Bean with name 'dataSource' has been autodetected for JMX exposure
2023-11-27 17:13:55.711  INFO 8976 --- [restartedMain] o.s.j.e.a.AnnotationMBeanExporter        : Located MBean 'dataSource': registering with JMX server as MBean [com.zaxxer.hikari:name=dataSource,type=HikariDataSource]
2023-11-27 17:13:55.728  INFO 8976 --- [restartedMain] s.a.ScheduledAnnotationBeanPostProcessor : No TaskScheduler/ScheduledExecutorService bean found for scheduled processing
2023-11-27 17:13:55.763  INFO 8976 --- [restartedMain] o.s.b.w.embedded.tomcat.TomcatWebServer  : Tomcat started on port(s): 8080 (http) with context path ''
2023-11-27 17:13:55.769  INFO 8976 --- [restartedMain] com.solar4america.SpringBooter           : Started SpringBooter in 13.432 seconds (JVM running for 16.217)
2023-11-27 17:14:04.512  INFO 8976 --- [http-nio-8080-exec-1] o.a.c.c.C.[Tomcat].[localhost].[/]       : Initializing Spring FrameworkServlet 'dispatcherServlet'
2023-11-27 17:14:04.513  INFO 8976 --- [http-nio-8080-exec-1] o.s.web.servlet.DispatcherServlet        : FrameworkServlet 'dispatcherServlet': initialization started
2023-11-27 17:14:04.568  INFO 8976 --- [http-nio-8080-exec-1] o.s.web.servlet.DispatcherServlet        : FrameworkServlet 'dispatcherServlet': initialization completed in 55 ms
2023-11-27 17:18:54.218  INFO 8976 --- [Thread-35] ConfigServletWebServerApplicationContext : Closing org.springframework.boot.web.servlet.context.AnnotationConfigServletWebServerApplicationContext@5b46a574: startup date [Mon Nov 27 17:13:43 PST 2023]; root of context hierarchy
2023-11-27 17:18:54.224  INFO 8976 --- [Thread-35] o.s.j.e.a.AnnotationMBeanExporter        : Unregistering JMX-exposed beans on shutdown
2023-11-27 17:18:54.225  INFO 8976 --- [Thread-35] o.s.j.e.a.AnnotationMBeanExporter        : Unregistering JMX-exposed beans
2023-11-27 17:19:02.334  INFO 28392 --- [restartedMain] com.solar4america.SpringBooter           : Starting SpringBooter on jhuang-sac with PID 28392 (C:\ideaworkspace\java-myreports-pc\target\classes started by jhuang in C:\ideaworkspace\java-myreports-pc)
2023-11-27 17:19:02.336  INFO 28392 --- [restartedMain] com.solar4america.SpringBooter           : No active profile set, falling back to default profiles: default
2023-11-27 17:19:02.447  INFO 28392 --- [restartedMain] ConfigServletWebServerApplicationContext : Refreshing org.springframework.boot.web.servlet.context.AnnotationConfigServletWebServerApplicationContext@26ae09e3: startup date [Mon Nov 27 17:19:02 PST 2023]; root of context hierarchy
2023-11-27 17:19:05.334  INFO 28392 --- [restartedMain] o.s.b.w.embedded.tomcat.TomcatWebServer  : Tomcat initialized with port(s): 8080 (http)
2023-11-27 17:19:05.363  INFO 28392 --- [restartedMain] o.apache.catalina.core.StandardService   : Starting service [Tomcat]
2023-11-27 17:19:05.363  INFO 28392 --- [restartedMain] org.apache.catalina.core.StandardEngine  : Starting Servlet Engine: Apache Tomcat/8.5.29
2023-11-27 17:19:05.370  INFO 28392 --- [localhost-startStop-1] o.a.catalina.core.AprLifecycleListener   : The APR based Apache Tomcat Native library which allows optimal performance in production environments was not found on the java.library.path: [C:\Users\jhuang\.jdks\corretto-1.8.0_362\bin;C:\WINDOWS\Sun\Java\bin;C:\WINDOWS\system32;C:\WINDOWS;C:\WINDOWS\system32;C:\WINDOWS;C:\WINDOWS\System32\Wbem;C:\WINDOWS\System32\WindowsPowerShell\v1.0\;C:\WINDOWS\System32\OpenSSH\;C:\Program Files\Intel\WiFi\bin\;C:\Program Files\Common Files\Intel\WirelessCommon\;C:\Program Files\Bandizip\;C:\Program Files\dotnet\;C:\Program Files\Microsoft SQL Server\120\Tools\Binn\;C:\Program Files\Microsoft SQL Server\Client SDK\ODBC\110\Tools\Binn\;C:\Program Files (x86)\Microsoft SQL Server\120\Tools\Binn\;C:\Program Files\Microsoft SQL Server\120\DTS\Binn\;C:\Program Files\nodejs\;C:\Program Files\Git\cmd;C:\Program Files\MySQL\MySQL Shell 8.0\bin\;C:\Users\jhuang\AppData\Local\Microsoft\WindowsApps;C:\Users\jhuang\AppData\Roaming\npm;.]
2023-11-27 17:19:05.531  INFO 28392 --- [localhost-startStop-1] o.a.c.c.C.[Tomcat].[localhost].[/]       : Initializing Spring embedded WebApplicationContext
2023-11-27 17:19:05.532  INFO 28392 --- [localhost-startStop-1] o.s.web.context.ContextLoader            : Root WebApplicationContext: initialization completed in 3086 ms
2023-11-27 17:19:05.822  INFO 28392 --- [localhost-startStop-1] o.s.b.w.servlet.ServletRegistrationBean  : Servlet dispatcherServlet mapped to [/]
2023-11-27 17:19:05.829  INFO 28392 --- [localhost-startStop-1] o.s.b.w.servlet.FilterRegistrationBean   : Mapping filter: 'characterEncodingFilter' to: [/*]
2023-11-27 17:19:05.830  INFO 28392 --- [localhost-startStop-1] o.s.b.w.servlet.FilterRegistrationBean   : Mapping filter: 'hiddenHttpMethodFilter' to: [/*]
2023-11-27 17:19:05.830  INFO 28392 --- [localhost-startStop-1] o.s.b.w.servlet.FilterRegistrationBean   : Mapping filter: 'httpPutFormContentFilter' to: [/*]
2023-11-27 17:19:05.830  INFO 28392 --- [localhost-startStop-1] o.s.b.w.servlet.FilterRegistrationBean   : Mapping filter: 'requestContextFilter' to: [/*]
2023-11-27 17:19:07.278  INFO 28392 --- [restartedMain] o.e.milo.opcua.sdk.client.OpcUaClient    : Java version: 1.8.0_362
2023-11-27 17:19:07.280  INFO 28392 --- [restartedMain] o.e.milo.opcua.sdk.client.OpcUaClient    : Eclipse Milo OPC UA Stack version: 0.6.10
2023-11-27 17:19:07.283  INFO 28392 --- [restartedMain] o.e.milo.opcua.sdk.client.OpcUaClient    : Eclipse Milo OPC UA Client SDK version: 0.6.10
2023-11-27 17:19:10.060  INFO 28392 --- [milo-nonce-util-secure-random] o.e.m.opcua.stack.core.util.NonceUtil    : SecureRandom seeded in 0ms.
2023-11-27 17:19:10.879  INFO 28392 --- [restartedMain] o.s.w.s.handler.SimpleUrlHandlerMapping  : Mapped URL path [/**/favicon.ico] onto handler of type [class org.springframework.web.servlet.resource.ResourceHttpRequestHandler]
2023-11-27 17:19:11.255  INFO 28392 --- [restartedMain] s.w.s.m.m.a.RequestMappingHandlerAdapter : Looking for @ControllerAdvice: org.springframework.boot.web.servlet.context.AnnotationConfigServletWebServerApplicationContext@26ae09e3: startup date [Mon Nov 27 17:19:02 PST 2023]; root of context hierarchy
2023-11-27 17:19:11.357  INFO 28392 --- [restartedMain] s.w.s.m.m.a.RequestMappingHandlerMapping : Mapped "{[/Defect/getDefect],methods=[POST]}" onto public com.solar4america.DO.response.ResultDO<com.solar4america.entity.DefectDBO> com.solar4america.controller.DefectController.getDefect(com.solar4america.entity.DefectDBO)
2023-11-27 17:19:11.359  INFO 28392 --- [restartedMain] s.w.s.m.m.a.RequestMappingHandlerMapping : Mapped "{[/Defect/ListOpenDefect],methods=[POST]}" onto public com.solar4america.DO.response.ResultDO<java.util.List<com.solar4america.entity.DefectDBO>> com.solar4america.controller.DefectController.ListOpenDefect(com.solar4america.entity.DefectDBO)
2023-11-27 17:19:11.360  INFO 28392 --- [restartedMain] s.w.s.m.m.a.RequestMappingHandlerMapping : Mapped "{[/Defect/saveAndUpdate],methods=[POST]}" onto public com.solar4america.DO.response.ResultDO<com.solar4america.entity.DefectDBO> com.solar4america.controller.DefectController.saveAndUpdate(com.solar4america.entity.DefectDBO)
2023-11-27 17:19:11.361  INFO 28392 --- [restartedMain] s.w.s.m.m.a.RequestMappingHandlerMapping : Mapped "{[/report/getRecord],methods=[POST]}" onto public com.solar4america.DO.response.ResultDO<com.solar4america.entity.RecordsDBO> com.solar4america.controller.ReportController.getRecord(com.solar4america.entity.RecordsDBO)
2023-11-27 17:19:11.362  INFO 28392 --- [restartedMain] s.w.s.m.m.a.RequestMappingHandlerMapping : Mapped "{[/report/listRecord],methods=[POST]}" onto public com.solar4america.DO.response.ResultDO<java.util.List<com.solar4america.entity.RecordsDBO>> com.solar4america.controller.ReportController.listRecord(com.solar4america.entity.RecordsDBO)
2023-11-27 17:19:11.363  INFO 28392 --- [restartedMain] s.w.s.m.m.a.RequestMappingHandlerMapping : Mapped "{[/report/saveAndUpdate],methods=[POST]}" onto public com.solar4america.DO.response.ResultDO<com.solar4america.entity.RecordsDBO> com.solar4america.controller.ReportController.saveAndUpdate(com.solar4america.entity.RecordsDBO)
2023-11-27 17:19:11.365  INFO 28392 --- [restartedMain] s.w.s.m.m.a.RequestMappingHandlerMapping : Mapped "{[/shiftRecord/getShiftRecord],methods=[POST]}" onto public com.solar4america.DO.response.ResultDO<com.solar4america.entity.ShiftRecordDBO> com.solar4america.controller.ShiftRecordController.getShiftRecord(com.solar4america.entity.ShiftRecordDBO)
2023-11-27 17:19:11.366  INFO 28392 --- [restartedMain] s.w.s.m.m.a.RequestMappingHandlerMapping : Mapped "{[/shiftRecord/saveAndUpdate],methods=[POST]}" onto public com.solar4america.DO.response.ResultDO<com.solar4america.entity.ShiftRecordDBO> com.solar4america.controller.ShiftRecordController.saveAndUpdate(com.solar4america.entity.ShiftRecordDBO)
2023-11-27 17:19:11.367  INFO 28392 --- [restartedMain] s.w.s.m.m.a.RequestMappingHandlerMapping : Mapped "{[/shiftRecord/listShiftRecord],methods=[POST]}" onto public com.solar4america.DO.response.ResultDO<java.util.List<com.solar4america.entity.ShiftRecordDBO>> com.solar4america.controller.ShiftRecordController.listShiftRecord(com.solar4america.entity.ShiftRecordDBO)
2023-11-27 17:19:11.369  INFO 28392 --- [restartedMain] s.w.s.m.m.a.RequestMappingHandlerMapping : Mapped "{[/stringer/getLine2Data],methods=[POST]}" onto public java.lang.String com.solar4america.controller.StringerController.getLine2Data()
2023-11-27 17:19:11.370  INFO 28392 --- [restartedMain] s.w.s.m.m.a.RequestMappingHandlerMapping : Mapped "{[/stringer/EL],methods=[POST]}" onto public com.solar4america.DO.StringerVO com.solar4america.controller.StringerController.stringerEL(com.solar4america.DO.ELQO)
2023-11-27 17:19:11.370  INFO 28392 --- [restartedMain] s.w.s.m.m.a.RequestMappingHandlerMapping : Mapped "{[/stringer/getString],methods=[POST]}" onto public com.solar4america.stringerClient.Line2 com.solar4america.controller.StringerController.getString01() throws java.lang.Exception
2023-11-27 17:19:11.371  INFO 28392 --- [restartedMain] s.w.s.m.m.a.RequestMappingHandlerMapping : Mapped "{[/stringer/test],methods=[POST]}" onto public java.lang.String com.solar4america.controller.StringerController.listMachine()
2023-11-27 17:19:11.373  INFO 28392 --- [restartedMain] s.w.s.m.m.a.RequestMappingHandlerMapping : Mapped "{[/wip/getWip],methods=[POST]}" onto public com.solar4america.DO.response.ResultDO<java.lang.Object> com.solar4america.controller.WIPMaterialController.getWip(com.solar4america.entity.ShiftRecordDBO)
2023-11-27 17:19:11.376  INFO 28392 --- [restartedMain] s.w.s.m.m.a.RequestMappingHandlerMapping : Mapped "{[/error]}" onto public org.springframework.http.ResponseEntity<java.util.Map<java.lang.String, java.lang.Object>> org.springframework.boot.autoconfigure.web.servlet.error.BasicErrorController.error(javax.servlet.http.HttpServletRequest)
2023-11-27 17:19:11.377  INFO 28392 --- [restartedMain] s.w.s.m.m.a.RequestMappingHandlerMapping : Mapped "{[/error],produces=[text/html]}" onto public org.springframework.web.servlet.ModelAndView org.springframework.boot.autoconfigure.web.servlet.error.BasicErrorController.errorHtml(javax.servlet.http.HttpServletRequest,javax.servlet.http.HttpServletResponse)
2023-11-27 17:19:11.452  INFO 28392 --- [restartedMain] .m.m.a.ExceptionHandlerExceptionResolver : Detected @ExceptionHandler methods in globalExceptionHandler
2023-11-27 17:19:12.053  INFO 28392 --- [restartedMain] o.s.b.d.a.OptionalLiveReloadServer       : LiveReload server is running on port 35729
2023-11-27 17:19:12.107  INFO 28392 --- [restartedMain] o.s.j.e.a.AnnotationMBeanExporter        : Registering beans for JMX exposure on startup
2023-11-27 17:19:12.110  INFO 28392 --- [restartedMain] o.s.j.e.a.AnnotationMBeanExporter        : Bean with name 'dataSource' has been autodetected for JMX exposure
2023-11-27 17:19:12.120  INFO 28392 --- [restartedMain] o.s.j.e.a.AnnotationMBeanExporter        : Located MBean 'dataSource': registering with JMX server as MBean [com.zaxxer.hikari:name=dataSource,type=HikariDataSource]
2023-11-27 17:19:12.136  INFO 28392 --- [restartedMain] s.a.ScheduledAnnotationBeanPostProcessor : No TaskScheduler/ScheduledExecutorService bean found for scheduled processing
2023-11-27 17:19:12.173  INFO 28392 --- [restartedMain] o.s.b.w.embedded.tomcat.TomcatWebServer  : Tomcat started on port(s): 8080 (http) with context path ''
2023-11-27 17:19:12.180  INFO 28392 --- [restartedMain] com.solar4america.SpringBooter           : Started SpringBooter in 10.654 seconds (JVM running for 13.024)
2023-11-27 17:19:35.113  INFO 28392 --- [http-nio-8080-exec-1] o.a.c.c.C.[Tomcat].[localhost].[/]       : Initializing Spring FrameworkServlet 'dispatcherServlet'
2023-11-27 17:19:35.114  INFO 28392 --- [http-nio-8080-exec-1] o.s.web.servlet.DispatcherServlet        : FrameworkServlet 'dispatcherServlet': initialization started
2023-11-27 17:19:35.143  INFO 28392 --- [http-nio-8080-exec-1] o.s.web.servlet.DispatcherServlet        : FrameworkServlet 'dispatcherServlet': initialization completed in 29 ms
2023-11-27 17:19:35.162  WARN 28392 --- [http-nio-8080-exec-1] o.s.web.servlet.PageNotFound             : No mapping found for HTTP request with URI [/wip/getWip22] in DispatcherServlet with name 'dispatcherServlet'
2023-11-27 17:19:35.176 ERROR 28392 --- [http-nio-8080-exec-1] c.s.exception.GlobalExceptionHandler     : ---404 Handler---Host 10.10.140.90 invokes url http://10.10.140.90:8080/wip/getWip22 ERROR: No handler found for POST /wip/getWip22
2023-11-27 17:19:35.248  WARN 28392 --- [http-nio-8080-exec-1] .m.m.a.ExceptionHandlerExceptionResolver : Resolved exception caused by Handler execution: org.springframework.web.servlet.NoHandlerFoundException: No handler found for POST /wip/getWip22
2023-11-27 17:22:14.619  INFO 28392 --- [Thread-31] ConfigServletWebServerApplicationContext : Closing org.springframework.boot.web.servlet.context.AnnotationConfigServletWebServerApplicationContext@26ae09e3: startup date [Mon Nov 27 17:19:02 PST 2023]; root of context hierarchy
2023-11-27 17:22:14.623  INFO 28392 --- [Thread-31] o.s.j.e.a.AnnotationMBeanExporter        : Unregistering JMX-exposed beans on shutdown
2023-11-27 17:22:14.624  INFO 28392 --- [Thread-31] o.s.j.e.a.AnnotationMBeanExporter        : Unregistering JMX-exposed beans
2023-11-27 17:22:27.605  INFO 22700 --- [restartedMain] com.solar4america.SpringBooter           : Starting SpringBooter on jhuang-sac with PID 22700 (C:\ideaworkspace\java-myreports-pc\target\classes started by jhuang in C:\ideaworkspace\java-myreports-pc)
2023-11-27 17:22:27.623  INFO 22700 --- [restartedMain] com.solar4america.SpringBooter           : No active profile set, falling back to default profiles: default
2023-11-27 17:22:27.748  INFO 22700 --- [restartedMain] ConfigServletWebServerApplicationContext : Refreshing org.springframework.boot.web.servlet.context.AnnotationConfigServletWebServerApplicationContext@6ef04183: startup date [Mon Nov 27 17:22:27 PST 2023]; root of context hierarchy
2023-11-27 17:22:30.790  INFO 22700 --- [restartedMain] o.s.b.w.embedded.tomcat.TomcatWebServer  : Tomcat initialized with port(s): 8080 (http)
2023-11-27 17:22:30.823  INFO 22700 --- [restartedMain] o.apache.catalina.core.StandardService   : Starting service [Tomcat]
2023-11-27 17:22:30.824  INFO 22700 --- [restartedMain] org.apache.catalina.core.StandardEngine  : Starting Servlet Engine: Apache Tomcat/8.5.29
2023-11-27 17:22:30.830  INFO 22700 --- [localhost-startStop-1] o.a.catalina.core.AprLifecycleListener   : The APR based Apache Tomcat Native library which allows optimal performance in production environments was not found on the java.library.path: [C:\Users\jhuang\.jdks\corretto-1.8.0_362\bin;C:\WINDOWS\Sun\Java\bin;C:\WINDOWS\system32;C:\WINDOWS;C:\WINDOWS\system32;C:\WINDOWS;C:\WINDOWS\System32\Wbem;C:\WINDOWS\System32\WindowsPowerShell\v1.0\;C:\WINDOWS\System32\OpenSSH\;C:\Program Files\Intel\WiFi\bin\;C:\Program Files\Common Files\Intel\WirelessCommon\;C:\Program Files\Bandizip\;C:\Program Files\dotnet\;C:\Program Files\Microsoft SQL Server\120\Tools\Binn\;C:\Program Files\Microsoft SQL Server\Client SDK\ODBC\110\Tools\Binn\;C:\Program Files (x86)\Microsoft SQL Server\120\Tools\Binn\;C:\Program Files\Microsoft SQL Server\120\DTS\Binn\;C:\Program Files\nodejs\;C:\Program Files\Git\cmd;C:\Program Files\MySQL\MySQL Shell 8.0\bin\;C:\Users\jhuang\AppData\Local\Microsoft\WindowsApps;C:\Users\jhuang\AppData\Roaming\npm;.]
2023-11-27 17:22:31.031  INFO 22700 --- [localhost-startStop-1] o.a.c.c.C.[Tomcat].[localhost].[/]       : Initializing Spring embedded WebApplicationContext
2023-11-27 17:22:31.032  INFO 22700 --- [localhost-startStop-1] o.s.web.context.ContextLoader            : Root WebApplicationContext: initialization completed in 3284 ms
2023-11-27 17:22:31.319  INFO 22700 --- [localhost-startStop-1] o.s.b.w.servlet.ServletRegistrationBean  : Servlet dispatcherServlet mapped to [/]
2023-11-27 17:22:31.327  INFO 22700 --- [localhost-startStop-1] o.s.b.w.servlet.FilterRegistrationBean   : Mapping filter: 'characterEncodingFilter' to: [/*]
2023-11-27 17:22:31.328  INFO 22700 --- [localhost-startStop-1] o.s.b.w.servlet.FilterRegistrationBean   : Mapping filter: 'hiddenHttpMethodFilter' to: [/*]
2023-11-27 17:22:31.328  INFO 22700 --- [localhost-startStop-1] o.s.b.w.servlet.FilterRegistrationBean   : Mapping filter: 'httpPutFormContentFilter' to: [/*]
2023-11-27 17:22:31.329  INFO 22700 --- [localhost-startStop-1] o.s.b.w.servlet.FilterRegistrationBean   : Mapping filter: 'requestContextFilter' to: [/*]
2023-11-27 17:22:32.904  INFO 22700 --- [restartedMain] o.e.milo.opcua.sdk.client.OpcUaClient    : Java version: 1.8.0_362
2023-11-27 17:22:32.905  INFO 22700 --- [restartedMain] o.e.milo.opcua.sdk.client.OpcUaClient    : Eclipse Milo OPC UA Stack version: 0.6.10
2023-11-27 17:22:32.907  INFO 22700 --- [restartedMain] o.e.milo.opcua.sdk.client.OpcUaClient    : Eclipse Milo OPC UA Client SDK version: 0.6.10
2023-11-27 17:22:36.064  INFO 22700 --- [milo-nonce-util-secure-random] o.e.m.opcua.stack.core.util.NonceUtil    : SecureRandom seeded in 0ms.
2023-11-27 17:22:38.058  INFO 22700 --- [restartedMain] o.s.w.s.handler.SimpleUrlHandlerMapping  : Mapped URL path [/**/favicon.ico] onto handler of type [class org.springframework.web.servlet.resource.ResourceHttpRequestHandler]
2023-11-27 17:22:38.402  INFO 22700 --- [restartedMain] s.w.s.m.m.a.RequestMappingHandlerAdapter : Looking for @ControllerAdvice: org.springframework.boot.web.servlet.context.AnnotationConfigServletWebServerApplicationContext@6ef04183: startup date [Mon Nov 27 17:22:27 PST 2023]; root of context hierarchy
2023-11-27 17:22:38.497  INFO 22700 --- [restartedMain] s.w.s.m.m.a.RequestMappingHandlerMapping : Mapped "{[/Defect/getDefect],methods=[POST]}" onto public com.solar4america.DO.response.ResultDO<com.solar4america.entity.DefectDBO> com.solar4america.controller.DefectController.getDefect(com.solar4america.entity.DefectDBO)
2023-11-27 17:22:38.499  INFO 22700 --- [restartedMain] s.w.s.m.m.a.RequestMappingHandlerMapping : Mapped "{[/Defect/ListOpenDefect],methods=[POST]}" onto public com.solar4america.DO.response.ResultDO<java.util.List<com.solar4america.entity.DefectDBO>> com.solar4america.controller.DefectController.ListOpenDefect(com.solar4america.entity.DefectDBO)
2023-11-27 17:22:38.500  INFO 22700 --- [restartedMain] s.w.s.m.m.a.RequestMappingHandlerMapping : Mapped "{[/Defect/saveAndUpdate],methods=[POST]}" onto public com.solar4america.DO.response.ResultDO<com.solar4america.entity.DefectDBO> com.solar4america.controller.DefectController.saveAndUpdate(com.solar4america.entity.DefectDBO)
2023-11-27 17:22:38.502  INFO 22700 --- [restartedMain] s.w.s.m.m.a.RequestMappingHandlerMapping : Mapped "{[/report/listRecord],methods=[POST]}" onto public com.solar4america.DO.response.ResultDO<java.util.List<com.solar4america.entity.RecordsDBO>> com.solar4america.controller.ReportController.listRecord(com.solar4america.entity.RecordsDBO)
2023-11-27 17:22:38.503  INFO 22700 --- [restartedMain] s.w.s.m.m.a.RequestMappingHandlerMapping : Mapped "{[/report/saveAndUpdate],methods=[POST]}" onto public com.solar4america.DO.response.ResultDO<com.solar4america.entity.RecordsDBO> com.solar4america.controller.ReportController.saveAndUpdate(com.solar4america.entity.RecordsDBO)
2023-11-27 17:22:38.504  INFO 22700 --- [restartedMain] s.w.s.m.m.a.RequestMappingHandlerMapping : Mapped "{[/report/getRecord],methods=[POST]}" onto public com.solar4america.DO.response.ResultDO<com.solar4america.entity.RecordsDBO> com.solar4america.controller.ReportController.getRecord(com.solar4america.entity.RecordsDBO)
2023-11-27 17:22:38.507  INFO 22700 --- [restartedMain] s.w.s.m.m.a.RequestMappingHandlerMapping : Mapped "{[/shiftRecord/saveAndUpdate],methods=[POST]}" onto public com.solar4america.DO.response.ResultDO<com.solar4america.entity.ShiftRecordDBO> com.solar4america.controller.ShiftRecordController.saveAndUpdate(com.solar4america.entity.ShiftRecordDBO)
2023-11-27 17:22:38.507  INFO 22700 --- [restartedMain] s.w.s.m.m.a.RequestMappingHandlerMapping : Mapped "{[/shiftRecord/getShiftRecord],methods=[POST]}" onto public com.solar4america.DO.response.ResultDO<com.solar4america.entity.ShiftRecordDBO> com.solar4america.controller.ShiftRecordController.getShiftRecord(com.solar4america.entity.ShiftRecordDBO)
2023-11-27 17:22:38.508  INFO 22700 --- [restartedMain] s.w.s.m.m.a.RequestMappingHandlerMapping : Mapped "{[/shiftRecord/listShiftRecord],methods=[POST]}" onto public com.solar4america.DO.response.ResultDO<java.util.List<com.solar4america.entity.ShiftRecordDBO>> com.solar4america.controller.ShiftRecordController.listShiftRecord(com.solar4america.entity.ShiftRecordDBO)
2023-11-27 17:22:38.509  INFO 22700 --- [restartedMain] s.w.s.m.m.a.RequestMappingHandlerMapping : Mapped "{[/stringer/getLine2Data],methods=[POST]}" onto public java.lang.String com.solar4america.controller.StringerController.getLine2Data()
2023-11-27 17:22:38.510  INFO 22700 --- [restartedMain] s.w.s.m.m.a.RequestMappingHandlerMapping : Mapped "{[/stringer/EL],methods=[POST]}" onto public com.solar4america.DO.StringerVO com.solar4america.controller.StringerController.stringerEL(com.solar4america.DO.ELQO)
2023-11-27 17:22:38.510  INFO 22700 --- [restartedMain] s.w.s.m.m.a.RequestMappingHandlerMapping : Mapped "{[/stringer/test],methods=[POST]}" onto public java.lang.String com.solar4america.controller.StringerController.listMachine()
2023-11-27 17:22:38.511  INFO 22700 --- [restartedMain] s.w.s.m.m.a.RequestMappingHandlerMapping : Mapped "{[/stringer/getString],methods=[POST]}" onto public com.solar4america.stringerClient.Line2 com.solar4america.controller.StringerController.getString01() throws java.lang.Exception
2023-11-27 17:22:38.512  INFO 22700 --- [restartedMain] s.w.s.m.m.a.RequestMappingHandlerMapping : Mapped "{[/wip/getWip],methods=[POST]}" onto public com.solar4america.DO.response.ResultDO<java.lang.Object> com.solar4america.controller.WIPMaterialController.getWip(com.solar4america.entity.ShiftRecordDBO)
2023-11-27 17:22:38.515  INFO 22700 --- [restartedMain] s.w.s.m.m.a.RequestMappingHandlerMapping : Mapped "{[/error]}" onto public org.springframework.http.ResponseEntity<java.util.Map<java.lang.String, java.lang.Object>> org.springframework.boot.autoconfigure.web.servlet.error.BasicErrorController.error(javax.servlet.http.HttpServletRequest)
2023-11-27 17:22:38.516  INFO 22700 --- [restartedMain] s.w.s.m.m.a.RequestMappingHandlerMapping : Mapped "{[/error],produces=[text/html]}" onto public org.springframework.web.servlet.ModelAndView org.springframework.boot.autoconfigure.web.servlet.error.BasicErrorController.errorHtml(javax.servlet.http.HttpServletRequest,javax.servlet.http.HttpServletResponse)
2023-11-27 17:22:38.599  INFO 22700 --- [restartedMain] .m.m.a.ExceptionHandlerExceptionResolver : Detected @ExceptionHandler methods in globalExceptionHandler
2023-11-27 17:22:39.141  INFO 22700 --- [restartedMain] o.s.b.d.a.OptionalLiveReloadServer       : LiveReload server is running on port 35729
2023-11-27 17:22:39.194  INFO 22700 --- [restartedMain] o.s.j.e.a.AnnotationMBeanExporter        : Registering beans for JMX exposure on startup
2023-11-27 17:22:39.196  INFO 22700 --- [restartedMain] o.s.j.e.a.AnnotationMBeanExporter        : Bean with name 'dataSource' has been autodetected for JMX exposure
2023-11-27 17:22:39.207  INFO 22700 --- [restartedMain] o.s.j.e.a.AnnotationMBeanExporter        : Located MBean 'dataSource': registering with JMX server as MBean [com.zaxxer.hikari:name=dataSource,type=HikariDataSource]
2023-11-27 17:22:39.223  INFO 22700 --- [restartedMain] s.a.ScheduledAnnotationBeanPostProcessor : No TaskScheduler/ScheduledExecutorService bean found for scheduled processing
2023-11-27 17:22:39.282  INFO 22700 --- [restartedMain] o.s.b.w.embedded.tomcat.TomcatWebServer  : Tomcat started on port(s): 8080 (http) with context path ''
2023-11-27 17:22:39.289  INFO 22700 --- [restartedMain] com.solar4america.SpringBooter           : Started SpringBooter in 12.658 seconds (JVM running for 15.428)
2023-11-27 17:22:39.676  INFO 22700 --- [http-nio-8080-exec-1] o.a.c.c.C.[Tomcat].[localhost].[/]       : Initializing Spring FrameworkServlet 'dispatcherServlet'
2023-11-27 17:22:39.677  INFO 22700 --- [http-nio-8080-exec-1] o.s.web.servlet.DispatcherServlet        : FrameworkServlet 'dispatcherServlet': initialization started
2023-11-27 17:22:39.725  INFO 22700 --- [http-nio-8080-exec-1] o.s.web.servlet.DispatcherServlet        : FrameworkServlet 'dispatcherServlet': initialization completed in 48 ms
2023-11-27 17:22:39.756  WARN 22700 --- [http-nio-8080-exec-2] o.s.web.servlet.PageNotFound             : No mapping found for HTTP request with URI [/wip/getWip22] in DispatcherServlet with name 'dispatcherServlet'
2023-11-27 17:22:39.772 ERROR 22700 --- [http-nio-8080-exec-2] c.s.exception.GlobalExceptionHandler     : ---404 Handler---Host 10.10.140.90 invokes url http://10.10.140.90:8080/wip/getWip22 ERROR: No handler found for POST /wip/getWip22
2023-11-27 17:22:39.858  WARN 22700 --- [http-nio-8080-exec-2] .m.m.a.ExceptionHandlerExceptionResolver : Resolved exception caused by Handler execution: org.springframework.web.servlet.NoHandlerFoundException: No handler found for POST /wip/getWip22
2023-11-27 17:22:46.117  WARN 22700 --- [http-nio-8080-exec-3] o.s.web.servlet.PageNotFound             : No mapping found for HTTP request with URI [/wip/getWip22] in DispatcherServlet with name 'dispatcherServlet'
2023-11-27 17:22:46.118 ERROR 22700 --- [http-nio-8080-exec-3] c.s.exception.GlobalExceptionHandler     : ---404 Handler---Host 10.10.140.90 invokes url http://10.10.140.90:8080/wip/getWip22 ERROR: No handler found for POST /wip/getWip22
2023-11-27 17:22:46.120  WARN 22700 --- [http-nio-8080-exec-3] .m.m.a.ExceptionHandlerExceptionResolver : Resolved exception caused by Handler execution: org.springframework.web.servlet.NoHandlerFoundException: No handler found for POST /wip/getWip22
2023-11-27 17:22:56.830 ERROR 22700 --- [http-nio-8080-exec-5] c.s.exception.GlobalExceptionHandler     : ---service Exception Handler---Host 10.10.140.90 invokes url http://10.10.140.90:8080/wip/getWip CODE:0  MESSAGE: 222
2023-11-27 17:22:56.831  WARN 22700 --- [http-nio-8080-exec-5] .m.m.a.ExceptionHandlerExceptionResolver : Resolved exception caused by Handler execution: BaseServiceException(code=0, message=222)
2023-11-27 17:24:46.954  INFO 22700 --- [Thread-30] ConfigServletWebServerApplicationContext : Closing org.springframework.boot.web.servlet.context.AnnotationConfigServletWebServerApplicationContext@6ef04183: startup date [Mon Nov 27 17:22:27 PST 2023]; root of context hierarchy
2023-11-27 17:24:46.959  INFO 22700 --- [Thread-30] o.s.j.e.a.AnnotationMBeanExporter        : Unregistering JMX-exposed beans on shutdown
2023-11-27 17:24:46.959  INFO 22700 --- [Thread-30] o.s.j.e.a.AnnotationMBeanExporter        : Unregistering JMX-exposed beans
2023-11-27 17:28:48.313  INFO 25648 --- [restartedMain] com.solar4america.SpringBooter           : Starting SpringBooter on jhuang-sac with PID 25648 (C:\ideaworkspace\java-myreports-pc\target\classes started by jhuang in C:\ideaworkspace\java-myreports-pc)
2023-11-27 17:28:48.316  INFO 25648 --- [restartedMain] com.solar4america.SpringBooter           : No active profile set, falling back to default profiles: default
2023-11-27 17:28:48.432  INFO 25648 --- [restartedMain] ConfigServletWebServerApplicationContext : Refreshing org.springframework.boot.web.servlet.context.AnnotationConfigServletWebServerApplicationContext@5f9a41e3: startup date [Mon Nov 27 17:28:48 PST 2023]; root of context hierarchy
2023-11-27 17:28:52.566  INFO 25648 --- [restartedMain] o.s.b.w.embedded.tomcat.TomcatWebServer  : Tomcat initialized with port(s): 8080 (http)
2023-11-27 17:28:52.600  INFO 25648 --- [restartedMain] o.apache.catalina.core.StandardService   : Starting service [Tomcat]
2023-11-27 17:28:52.600  INFO 25648 --- [restartedMain] org.apache.catalina.core.StandardEngine  : Starting Servlet Engine: Apache Tomcat/8.5.29
2023-11-27 17:28:52.607  INFO 25648 --- [localhost-startStop-1] o.a.catalina.core.AprLifecycleListener   : The APR based Apache Tomcat Native library which allows optimal performance in production environments was not found on the java.library.path: [C:\Users\jhuang\.jdks\corretto-1.8.0_362\bin;C:\WINDOWS\Sun\Java\bin;C:\WINDOWS\system32;C:\WINDOWS;C:\WINDOWS\system32;C:\WINDOWS;C:\WINDOWS\System32\Wbem;C:\WINDOWS\System32\WindowsPowerShell\v1.0\;C:\WINDOWS\System32\OpenSSH\;C:\Program Files\Intel\WiFi\bin\;C:\Program Files\Common Files\Intel\WirelessCommon\;C:\Program Files\Bandizip\;C:\Program Files\dotnet\;C:\Program Files\Microsoft SQL Server\120\Tools\Binn\;C:\Program Files\Microsoft SQL Server\Client SDK\ODBC\110\Tools\Binn\;C:\Program Files (x86)\Microsoft SQL Server\120\Tools\Binn\;C:\Program Files\Microsoft SQL Server\120\DTS\Binn\;C:\Program Files\nodejs\;C:\Program Files\Git\cmd;C:\Program Files\MySQL\MySQL Shell 8.0\bin\;C:\Users\jhuang\AppData\Local\Microsoft\WindowsApps;C:\Users\jhuang\AppData\Roaming\npm;.]
2023-11-27 17:28:52.772  INFO 25648 --- [localhost-startStop-1] o.a.c.c.C.[Tomcat].[localhost].[/]       : Initializing Spring embedded WebApplicationContext
2023-11-27 17:28:52.774  INFO 25648 --- [localhost-startStop-1] o.s.web.context.ContextLoader            : Root WebApplicationContext: initialization completed in 4341 ms
2023-11-27 17:28:53.071  INFO 25648 --- [localhost-startStop-1] o.s.b.w.servlet.ServletRegistrationBean  : Servlet dispatcherServlet mapped to [/]
2023-11-27 17:28:53.081  INFO 25648 --- [localhost-startStop-1] o.s.b.w.servlet.FilterRegistrationBean   : Mapping filter: 'characterEncodingFilter' to: [/*]
2023-11-27 17:28:53.082  INFO 25648 --- [localhost-startStop-1] o.s.b.w.servlet.FilterRegistrationBean   : Mapping filter: 'hiddenHttpMethodFilter' to: [/*]
2023-11-27 17:28:53.082  INFO 25648 --- [localhost-startStop-1] o.s.b.w.servlet.FilterRegistrationBean   : Mapping filter: 'httpPutFormContentFilter' to: [/*]
2023-11-27 17:28:53.083  INFO 25648 --- [localhost-startStop-1] o.s.b.w.servlet.FilterRegistrationBean   : Mapping filter: 'requestContextFilter' to: [/*]
2023-11-27 17:28:54.914  INFO 25648 --- [restartedMain] o.e.milo.opcua.sdk.client.OpcUaClient    : Java version: 1.8.0_362
2023-11-27 17:28:54.919  INFO 25648 --- [restartedMain] o.e.milo.opcua.sdk.client.OpcUaClient    : Eclipse Milo OPC UA Stack version: 0.6.10
2023-11-27 17:28:54.929  INFO 25648 --- [restartedMain] o.e.milo.opcua.sdk.client.OpcUaClient    : Eclipse Milo OPC UA Client SDK version: 0.6.10
2023-11-27 17:28:58.349  INFO 25648 --- [milo-nonce-util-secure-random] o.e.m.opcua.stack.core.util.NonceUtil    : SecureRandom seeded in 0ms.
2023-11-27 17:28:59.120  INFO 25648 --- [restartedMain] o.s.w.s.handler.SimpleUrlHandlerMapping  : Mapped URL path [/**/favicon.ico] onto handler of type [class org.springframework.web.servlet.resource.ResourceHttpRequestHandler]
2023-11-27 17:28:59.453  INFO 25648 --- [restartedMain] s.w.s.m.m.a.RequestMappingHandlerAdapter : Looking for @ControllerAdvice: org.springframework.boot.web.servlet.context.AnnotationConfigServletWebServerApplicationContext@5f9a41e3: startup date [Mon Nov 27 17:28:48 PST 2023]; root of context hierarchy
2023-11-27 17:28:59.542  INFO 25648 --- [restartedMain] s.w.s.m.m.a.RequestMappingHandlerMapping : Mapped "{[/Defect/saveAndUpdate],methods=[POST]}" onto public com.solar4america.DO.response.ResultDO<com.solar4america.entity.DefectDBO> com.solar4america.controller.DefectController.saveAndUpdate(com.solar4america.entity.DefectDBO)
2023-11-27 17:28:59.543  INFO 25648 --- [restartedMain] s.w.s.m.m.a.RequestMappingHandlerMapping : Mapped "{[/Defect/ListOpenDefect],methods=[POST]}" onto public com.solar4america.DO.response.ResultDO<java.util.List<com.solar4america.entity.DefectDBO>> com.solar4america.controller.DefectController.ListOpenDefect(com.solar4america.entity.DefectDBO)
2023-11-27 17:28:59.544  INFO 25648 --- [restartedMain] s.w.s.m.m.a.RequestMappingHandlerMapping : Mapped "{[/Defect/getDefect],methods=[POST]}" onto public com.solar4america.DO.response.ResultDO<com.solar4america.entity.DefectDBO> com.solar4america.controller.DefectController.getDefect(com.solar4america.entity.DefectDBO)
2023-11-27 17:28:59.546  INFO 25648 --- [restartedMain] s.w.s.m.m.a.RequestMappingHandlerMapping : Mapped "{[/report/saveAndUpdate],methods=[POST]}" onto public com.solar4america.DO.response.ResultDO<com.solar4america.entity.RecordsDBO> com.solar4america.controller.ReportController.saveAndUpdate(com.solar4america.entity.RecordsDBO)
2023-11-27 17:28:59.547  INFO 25648 --- [restartedMain] s.w.s.m.m.a.RequestMappingHandlerMapping : Mapped "{[/report/getRecord],methods=[POST]}" onto public com.solar4america.DO.response.ResultDO<com.solar4america.entity.RecordsDBO> com.solar4america.controller.ReportController.getRecord(com.solar4america.entity.RecordsDBO)
2023-11-27 17:28:59.547  INFO 25648 --- [restartedMain] s.w.s.m.m.a.RequestMappingHandlerMapping : Mapped "{[/report/listRecord],methods=[POST]}" onto public com.solar4america.DO.response.ResultDO<java.util.List<com.solar4america.entity.RecordsDBO>> com.solar4america.controller.ReportController.listRecord(com.solar4america.entity.RecordsDBO)
2023-11-27 17:28:59.549  INFO 25648 --- [restartedMain] s.w.s.m.m.a.RequestMappingHandlerMapping : Mapped "{[/shiftRecord/saveAndUpdate],methods=[POST]}" onto public com.solar4america.DO.response.ResultDO<com.solar4america.entity.ShiftRecordDBO> com.solar4america.controller.ShiftRecordController.saveAndUpdate(com.solar4america.entity.ShiftRecordDBO)
2023-11-27 17:28:59.549  INFO 25648 --- [restartedMain] s.w.s.m.m.a.RequestMappingHandlerMapping : Mapped "{[/shiftRecord/getShiftRecord],methods=[POST]}" onto public com.solar4america.DO.response.ResultDO<com.solar4america.entity.ShiftRecordDBO> com.solar4america.controller.ShiftRecordController.getShiftRecord(com.solar4america.entity.ShiftRecordDBO)
2023-11-27 17:28:59.549  INFO 25648 --- [restartedMain] s.w.s.m.m.a.RequestMappingHandlerMapping : Mapped "{[/shiftRecord/listShiftRecord],methods=[POST]}" onto public com.solar4america.DO.response.ResultDO<java.util.List<com.solar4america.entity.ShiftRecordDBO>> com.solar4america.controller.ShiftRecordController.listShiftRecord(com.solar4america.entity.ShiftRecordDBO)
2023-11-27 17:28:59.552  INFO 25648 --- [restartedMain] s.w.s.m.m.a.RequestMappingHandlerMapping : Mapped "{[/stringer/EL],methods=[POST]}" onto public com.solar4america.DO.StringerVO com.solar4america.controller.StringerController.stringerEL(com.solar4america.DO.ELQO)
2023-11-27 17:28:59.552  INFO 25648 --- [restartedMain] s.w.s.m.m.a.RequestMappingHandlerMapping : Mapped "{[/stringer/test],methods=[POST]}" onto public java.lang.String com.solar4america.controller.StringerController.listMachine()
2023-11-27 17:28:59.552  INFO 25648 --- [restartedMain] s.w.s.m.m.a.RequestMappingHandlerMapping : Mapped "{[/stringer/getLine2Data],methods=[POST]}" onto public java.lang.String com.solar4america.controller.StringerController.getLine2Data()
2023-11-27 17:28:59.553  INFO 25648 --- [restartedMain] s.w.s.m.m.a.RequestMappingHandlerMapping : Mapped "{[/stringer/getString],methods=[POST]}" onto public com.solar4america.stringerClient.Line2 com.solar4america.controller.StringerController.getString01() throws java.lang.Exception
2023-11-27 17:28:59.554  INFO 25648 --- [restartedMain] s.w.s.m.m.a.RequestMappingHandlerMapping : Mapped "{[/wip/getWip],methods=[POST]}" onto public com.solar4america.DO.response.ResultDO<java.lang.Object> com.solar4america.controller.WIPMaterialController.getWip(com.solar4america.entity.ShiftRecordDBO)
2023-11-27 17:28:59.557  INFO 25648 --- [restartedMain] s.w.s.m.m.a.RequestMappingHandlerMapping : Mapped "{[/error]}" onto public org.springframework.http.ResponseEntity<java.util.Map<java.lang.String, java.lang.Object>> org.springframework.boot.autoconfigure.web.servlet.error.BasicErrorController.error(javax.servlet.http.HttpServletRequest)
2023-11-27 17:28:59.558  INFO 25648 --- [restartedMain] s.w.s.m.m.a.RequestMappingHandlerMapping : Mapped "{[/error],produces=[text/html]}" onto public org.springframework.web.servlet.ModelAndView org.springframework.boot.autoconfigure.web.servlet.error.BasicErrorController.errorHtml(javax.servlet.http.HttpServletRequest,javax.servlet.http.HttpServletResponse)
2023-11-27 17:28:59.627  INFO 25648 --- [restartedMain] .m.m.a.ExceptionHandlerExceptionResolver : Detected @ExceptionHandler methods in globalExceptionHandler
2023-11-27 17:29:00.183  INFO 25648 --- [restartedMain] o.s.b.d.a.OptionalLiveReloadServer       : LiveReload server is running on port 35729
2023-11-27 17:29:00.260  INFO 25648 --- [restartedMain] o.s.j.e.a.AnnotationMBeanExporter        : Registering beans for JMX exposure on startup
2023-11-27 17:29:00.262  INFO 25648 --- [restartedMain] o.s.j.e.a.AnnotationMBeanExporter        : Bean with name 'dataSource' has been autodetected for JMX exposure
2023-11-27 17:29:00.273  INFO 25648 --- [restartedMain] o.s.j.e.a.AnnotationMBeanExporter        : Located MBean 'dataSource': registering with JMX server as MBean [com.zaxxer.hikari:name=dataSource,type=HikariDataSource]
2023-11-27 17:29:00.288  INFO 25648 --- [restartedMain] s.a.ScheduledAnnotationBeanPostProcessor : No TaskScheduler/ScheduledExecutorService bean found for scheduled processing
2023-11-27 17:29:00.321  INFO 25648 --- [restartedMain] o.s.b.w.embedded.tomcat.TomcatWebServer  : Tomcat started on port(s): 8080 (http) with context path ''
2023-11-27 17:29:00.328  INFO 25648 --- [restartedMain] com.solar4america.SpringBooter           : Started SpringBooter in 12.884 seconds (JVM running for 15.288)
2023-11-27 17:29:08.585  INFO 25648 --- [http-nio-8080-exec-1] o.a.c.c.C.[Tomcat].[localhost].[/]       : Initializing Spring FrameworkServlet 'dispatcherServlet'
2023-11-27 17:29:08.586  INFO 25648 --- [http-nio-8080-exec-1] o.s.web.servlet.DispatcherServlet        : FrameworkServlet 'dispatcherServlet': initialization started
2023-11-27 17:29:08.631  INFO 25648 --- [http-nio-8080-exec-1] o.s.web.servlet.DispatcherServlet        : FrameworkServlet 'dispatcherServlet': initialization completed in 45 ms
2023-11-27 17:29:08.781 ERROR 25648 --- [http-nio-8080-exec-1] c.s.exception.GlobalExceptionHandler     : ---service Exception Handler---Host 10.10.140.90 invokes url http://10.10.140.90:8080/wip/getWip CODE:0  MESSAGE: 222
2023-11-27 17:29:08.835  WARN 25648 --- [http-nio-8080-exec-1] .m.m.a.ExceptionHandlerExceptionResolver : Resolved exception caused by Handler execution: BaseServiceException(code=0, message=222)
2023-11-27 17:29:12.918 ERROR 25648 --- [http-nio-8080-exec-2] c.s.exception.GlobalExceptionHandler     : ---DefaultException Handler---Host 10.10.140.90 invokes url http://10.10.140.90:8080/wip/getWip ERROR: null
2023-11-27 17:29:12.921  WARN 25648 --- [http-nio-8080-exec-2] .m.m.a.ExceptionHandlerExceptionResolver : Resolved exception caused by Handler execution: java.lang.NullPointerException
